[0.134s] DEBUG:colcon:Command line arguments: ['/usr/bin/colcon', 'build']
[0.134s] DEBUG:colcon:Parsed command line arguments: Namespace(log_base=None, log_level=None, verb_name='build', build_base='build', install_base='install', merge_install=False, symlink_install=False, test_result_base=None, continue_on_error=False, executor='parallel', parallel_workers=20, event_handlers=None, ignore_user_meta=False, metas=['./colcon.meta'], base_paths=['.'], packages_ignore=None, packages_ignore_regex=None, paths=None, packages_up_to=None, packages_up_to_regex=None, packages_above=None, packages_above_and_dependencies=None, packages_above_depth=None, packages_select_by_dep=None, packages_skip_by_dep=None, packages_skip_up_to=None, packages_select_build_failed=False, packages_skip_build_finished=False, packages_select_test_failures=False, packages_skip_test_passed=False, packages_select=None, packages_skip=None, packages_select_regex=None, packages_skip_regex=None, packages_start=None, packages_end=None, allow_overriding=[], cmake_args=None, cmake_target=None, cmake_target_skip_unavailable=False, cmake_clean_cache=False, cmake_clean_first=False, cmake_force_configure=False, ament_cmake_args=None, catkin_cmake_args=None, catkin_skip_building_tests=False, mixin_files=None, mixin=None, verb_parser=<colcon_mixin.mixin.mixin_argument.MixinArgumentDecorator object at 0x7cdfa8338ca0>, verb_extension=<colcon_core.verb.build.BuildVerb object at 0x7cdfa84ad930>, main=<bound method BuildVerb.main of <colcon_core.verb.build.BuildVerb object at 0x7cdfa84ad930>>, mixin_verb=('build',))
[0.272s] Level 1:colcon.colcon_core.package_discovery:discover_packages(colcon_meta) check parameters
[0.272s] Level 1:colcon.colcon_core.package_discovery:discover_packages(recursive) check parameters
[0.272s] Level 1:colcon.colcon_core.package_discovery:discover_packages(ignore) check parameters
[0.272s] Level 1:colcon.colcon_core.package_discovery:discover_packages(path) check parameters
[0.272s] Level 1:colcon.colcon_core.package_discovery:discover_packages(colcon_meta) discover
[0.272s] Level 1:colcon.colcon_core.package_discovery:discover_packages(recursive) discover
[0.272s] INFO:colcon.colcon_core.package_discovery:Crawling recursively for packages in '/home/aimen/weed-removal-irl'
[0.272s] Level 1:colcon.colcon_core.package_identification:_identify(.) by extensions ['ignore', 'ignore_ament_install']
[0.272s] Level 1:colcon.colcon_core.package_identification:_identify(.) by extension 'ignore'
[0.272s] Level 1:colcon.colcon_core.package_identification:_identify(.) by extension 'ignore_ament_install'
[0.272s] Level 1:colcon.colcon_core.package_identification:_identify(.) by extensions ['colcon_pkg']
[0.272s] Level 1:colcon.colcon_core.package_identification:_identify(.) by extension 'colcon_pkg'
[0.272s] Level 1:colcon.colcon_core.package_identification:_identify(.) by extensions ['colcon_meta']
[0.272s] Level 1:colcon.colcon_core.package_identification:_identify(.) by extension 'colcon_meta'
[0.272s] Level 1:colcon.colcon_core.package_identification:_identify(.) by extensions ['ros']
[0.272s] Level 1:colcon.colcon_core.package_identification:_identify(.) by extension 'ros'
[0.281s] Level 1:colcon.colcon_core.package_identification:_identify(.) by extensions ['cmake', 'python']
[0.281s] Level 1:colcon.colcon_core.package_identification:_identify(.) by extension 'cmake'
[0.281s] Level 1:colcon.colcon_core.package_identification:_identify(.) by extension 'python'
[0.281s] Level 1:colcon.colcon_core.package_identification:_identify(.) by extensions ['python_setup_py']
[0.281s] Level 1:colcon.colcon_core.package_identification:_identify(.) by extension 'python_setup_py'
[0.281s] Level 1:colcon.colcon_core.package_identification:_identify(build) by extensions ['ignore', 'ignore_ament_install']
[0.281s] Level 1:colcon.colcon_core.package_identification:_identify(build) by extension 'ignore'
[0.281s] Level 1:colcon.colcon_core.package_identification:_identify(build) ignored
[0.281s] Level 1:colcon.colcon_core.package_identification:_identify(install) by extensions ['ignore', 'ignore_ament_install']
[0.281s] Level 1:colcon.colcon_core.package_identification:_identify(install) by extension 'ignore'
[0.281s] Level 1:colcon.colcon_core.package_identification:_identify(install) ignored
[0.281s] Level 1:colcon.colcon_core.package_identification:_identify(log) by extensions ['ignore', 'ignore_ament_install']
[0.282s] Level 1:colcon.colcon_core.package_identification:_identify(log) by extension 'ignore'
[0.282s] Level 1:colcon.colcon_core.package_identification:_identify(log) ignored
[0.282s] Level 1:colcon.colcon_core.package_identification:_identify(meercat) by extensions ['ignore', 'ignore_ament_install']
[0.282s] Level 1:colcon.colcon_core.package_identification:_identify(meercat) by extension 'ignore'
[0.282s] Level 1:colcon.colcon_core.package_identification:_identify(meercat) by extension 'ignore_ament_install'
[0.282s] Level 1:colcon.colcon_core.package_identification:_identify(meercat) by extensions ['colcon_pkg']
[0.282s] Level 1:colcon.colcon_core.package_identification:_identify(meercat) by extension 'colcon_pkg'
[0.282s] Level 1:colcon.colcon_core.package_identification:_identify(meercat) by extensions ['colcon_meta']
[0.282s] Level 1:colcon.colcon_core.package_identification:_identify(meercat) by extension 'colcon_meta'
[0.282s] Level 1:colcon.colcon_core.package_identification:_identify(meercat) by extensions ['ros']
[0.282s] Level 1:colcon.colcon_core.package_identification:_identify(meercat) by extension 'ros'
[0.282s] Level 1:colcon.colcon_core.package_identification:_identify(meercat) by extensions ['cmake', 'python']
[0.282s] Level 1:colcon.colcon_core.package_identification:_identify(meercat) by extension 'cmake'
[0.282s] Level 1:colcon.colcon_core.package_identification:_identify(meercat) by extension 'python'
[0.282s] Level 1:colcon.colcon_core.package_identification:_identify(meercat) by extensions ['python_setup_py']
[0.282s] Level 1:colcon.colcon_core.package_identification:_identify(meercat) by extension 'python_setup_py'
[0.282s] Level 1:colcon.colcon_core.package_identification:_identify(meercat/meercat-rpi) by extensions ['ignore', 'ignore_ament_install']
[0.282s] Level 1:colcon.colcon_core.package_identification:_identify(meercat/meercat-rpi) by extension 'ignore'
[0.282s] Level 1:colcon.colcon_core.package_identification:_identify(meercat/meercat-rpi) by extension 'ignore_ament_install'
[0.282s] Level 1:colcon.colcon_core.package_identification:_identify(meercat/meercat-rpi) by extensions ['colcon_pkg']
[0.282s] Level 1:colcon.colcon_core.package_identification:_identify(meercat/meercat-rpi) by extension 'colcon_pkg'
[0.282s] Level 1:colcon.colcon_core.package_identification:_identify(meercat/meercat-rpi) by extensions ['colcon_meta']
[0.282s] Level 1:colcon.colcon_core.package_identification:_identify(meercat/meercat-rpi) by extension 'colcon_meta'
[0.282s] Level 1:colcon.colcon_core.package_identification:_identify(meercat/meercat-rpi) by extensions ['ros']
[0.282s] Level 1:colcon.colcon_core.package_identification:_identify(meercat/meercat-rpi) by extension 'ros'
[0.283s] Level 1:colcon.colcon_core.package_identification:_identify(meercat/meercat-rpi) by extensions ['cmake', 'python']
[0.283s] Level 1:colcon.colcon_core.package_identification:_identify(meercat/meercat-rpi) by extension 'cmake'
[0.283s] Level 1:colcon.colcon_core.package_identification:_identify(meercat/meercat-rpi) by extension 'python'
[0.283s] Level 1:colcon.colcon_core.package_identification:_identify(meercat/meercat-rpi) by extensions ['python_setup_py']
[0.283s] Level 1:colcon.colcon_core.package_identification:_identify(meercat/meercat-rpi) by extension 'python_setup_py'
[0.283s] Level 1:colcon.colcon_core.package_identification:_identify(meercat/meercat-rpi/app) by extensions ['ignore', 'ignore_ament_install']
[0.283s] Level 1:colcon.colcon_core.package_identification:_identify(meercat/meercat-rpi/app) by extension 'ignore'
[0.283s] Level 1:colcon.colcon_core.package_identification:_identify(meercat/meercat-rpi/app) by extension 'ignore_ament_install'
[0.283s] Level 1:colcon.colcon_core.package_identification:_identify(meercat/meercat-rpi/app) by extensions ['colcon_pkg']
[0.283s] Level 1:colcon.colcon_core.package_identification:_identify(meercat/meercat-rpi/app) by extension 'colcon_pkg'
[0.283s] Level 1:colcon.colcon_core.package_identification:_identify(meercat/meercat-rpi/app) by extensions ['colcon_meta']
[0.283s] Level 1:colcon.colcon_core.package_identification:_identify(meercat/meercat-rpi/app) by extension 'colcon_meta'
[0.283s] Level 1:colcon.colcon_core.package_identification:_identify(meercat/meercat-rpi/app) by extensions ['ros']
[0.283s] Level 1:colcon.colcon_core.package_identification:_identify(meercat/meercat-rpi/app) by extension 'ros'
[0.283s] Level 1:colcon.colcon_core.package_identification:_identify(meercat/meercat-rpi/app) by extensions ['cmake', 'python']
[0.283s] Level 1:colcon.colcon_core.package_identification:_identify(meercat/meercat-rpi/app) by extension 'cmake'
[0.283s] Level 1:colcon.colcon_core.package_identification:_identify(meercat/meercat-rpi/app) by extension 'python'
[0.283s] Level 1:colcon.colcon_core.package_identification:_identify(meercat/meercat-rpi/app) by extensions ['python_setup_py']
[0.283s] Level 1:colcon.colcon_core.package_identification:_identify(meercat/meercat-rpi/app) by extension 'python_setup_py'
[0.283s] Level 1:colcon.colcon_core.package_identification:_identify(meercat/meercat-rpi/app/src) by extensions ['ignore', 'ignore_ament_install']
[0.283s] Level 1:colcon.colcon_core.package_identification:_identify(meercat/meercat-rpi/app/src) by extension 'ignore'
[0.283s] Level 1:colcon.colcon_core.package_identification:_identify(meercat/meercat-rpi/app/src) by extension 'ignore_ament_install'
[0.283s] Level 1:colcon.colcon_core.package_identification:_identify(meercat/meercat-rpi/app/src) by extensions ['colcon_pkg']
[0.283s] Level 1:colcon.colcon_core.package_identification:_identify(meercat/meercat-rpi/app/src) by extension 'colcon_pkg'
[0.283s] Level 1:colcon.colcon_core.package_identification:_identify(meercat/meercat-rpi/app/src) by extensions ['colcon_meta']
[0.283s] Level 1:colcon.colcon_core.package_identification:_identify(meercat/meercat-rpi/app/src) by extension 'colcon_meta'
[0.283s] Level 1:colcon.colcon_core.package_identification:_identify(meercat/meercat-rpi/app/src) by extensions ['ros']
[0.283s] Level 1:colcon.colcon_core.package_identification:_identify(meercat/meercat-rpi/app/src) by extension 'ros'
[0.283s] Level 1:colcon.colcon_core.package_identification:_identify(meercat/meercat-rpi/app/src) by extensions ['cmake', 'python']
[0.283s] Level 1:colcon.colcon_core.package_identification:_identify(meercat/meercat-rpi/app/src) by extension 'cmake'
[0.283s] Level 1:colcon.colcon_core.package_identification:_identify(meercat/meercat-rpi/app/src) by extension 'python'
[0.283s] Level 1:colcon.colcon_core.package_identification:_identify(meercat/meercat-rpi/app/src) by extensions ['python_setup_py']
[0.283s] Level 1:colcon.colcon_core.package_identification:_identify(meercat/meercat-rpi/app/src) by extension 'python_setup_py'
[0.284s] Level 1:colcon.colcon_core.package_identification:_identify(meercat/meercat-rpi/app/src/proto) by extensions ['ignore', 'ignore_ament_install']
[0.284s] Level 1:colcon.colcon_core.package_identification:_identify(meercat/meercat-rpi/app/src/proto) by extension 'ignore'
[0.284s] Level 1:colcon.colcon_core.package_identification:_identify(meercat/meercat-rpi/app/src/proto) by extension 'ignore_ament_install'
[0.284s] Level 1:colcon.colcon_core.package_identification:_identify(meercat/meercat-rpi/app/src/proto) by extensions ['colcon_pkg']
[0.284s] Level 1:colcon.colcon_core.package_identification:_identify(meercat/meercat-rpi/app/src/proto) by extension 'colcon_pkg'
[0.284s] Level 1:colcon.colcon_core.package_identification:_identify(meercat/meercat-rpi/app/src/proto) by extensions ['colcon_meta']
[0.284s] Level 1:colcon.colcon_core.package_identification:_identify(meercat/meercat-rpi/app/src/proto) by extension 'colcon_meta'
[0.284s] Level 1:colcon.colcon_core.package_identification:_identify(meercat/meercat-rpi/app/src/proto) by extensions ['ros']
[0.284s] Level 1:colcon.colcon_core.package_identification:_identify(meercat/meercat-rpi/app/src/proto) by extension 'ros'
[0.284s] Level 1:colcon.colcon_core.package_identification:_identify(meercat/meercat-rpi/app/src/proto) by extensions ['cmake', 'python']
[0.284s] Level 1:colcon.colcon_core.package_identification:_identify(meercat/meercat-rpi/app/src/proto) by extension 'cmake'
[0.284s] Level 1:colcon.colcon_core.package_identification:_identify(meercat/meercat-rpi/app/src/proto) by extension 'python'
[0.284s] Level 1:colcon.colcon_core.package_identification:_identify(meercat/meercat-rpi/app/src/proto) by extensions ['python_setup_py']
[0.284s] Level 1:colcon.colcon_core.package_identification:_identify(meercat/meercat-rpi/app/src/proto) by extension 'python_setup_py'
[0.284s] Level 1:colcon.colcon_core.package_identification:_identify(meercat/meercat-rpi/app/src/proto/map_generation) by extensions ['ignore', 'ignore_ament_install']
[0.284s] Level 1:colcon.colcon_core.package_identification:_identify(meercat/meercat-rpi/app/src/proto/map_generation) by extension 'ignore'
[0.284s] Level 1:colcon.colcon_core.package_identification:_identify(meercat/meercat-rpi/app/src/proto/map_generation) by extension 'ignore_ament_install'
[0.284s] Level 1:colcon.colcon_core.package_identification:_identify(meercat/meercat-rpi/app/src/proto/map_generation) by extensions ['colcon_pkg']
[0.284s] Level 1:colcon.colcon_core.package_identification:_identify(meercat/meercat-rpi/app/src/proto/map_generation) by extension 'colcon_pkg'
[0.284s] Level 1:colcon.colcon_core.package_identification:_identify(meercat/meercat-rpi/app/src/proto/map_generation) by extensions ['colcon_meta']
[0.284s] Level 1:colcon.colcon_core.package_identification:_identify(meercat/meercat-rpi/app/src/proto/map_generation) by extension 'colcon_meta'
[0.284s] Level 1:colcon.colcon_core.package_identification:_identify(meercat/meercat-rpi/app/src/proto/map_generation) by extensions ['ros']
[0.284s] Level 1:colcon.colcon_core.package_identification:_identify(meercat/meercat-rpi/app/src/proto/map_generation) by extension 'ros'
[0.284s] Level 1:colcon.colcon_core.package_identification:_identify(meercat/meercat-rpi/app/src/proto/map_generation) by extensions ['cmake', 'python']
[0.284s] Level 1:colcon.colcon_core.package_identification:_identify(meercat/meercat-rpi/app/src/proto/map_generation) by extension 'cmake'
[0.284s] Level 1:colcon.colcon_core.package_identification:_identify(meercat/meercat-rpi/app/src/proto/map_generation) by extension 'python'
[0.284s] Level 1:colcon.colcon_core.package_identification:_identify(meercat/meercat-rpi/app/src/proto/map_generation) by extensions ['python_setup_py']
[0.284s] Level 1:colcon.colcon_core.package_identification:_identify(meercat/meercat-rpi/app/src/proto/map_generation) by extension 'python_setup_py'
[0.285s] Level 1:colcon.colcon_core.package_identification:_identify(meercat/meercat-rpi/app/src/proto/sensor_data) by extensions ['ignore', 'ignore_ament_install']
[0.285s] Level 1:colcon.colcon_core.package_identification:_identify(meercat/meercat-rpi/app/src/proto/sensor_data) by extension 'ignore'
[0.285s] Level 1:colcon.colcon_core.package_identification:_identify(meercat/meercat-rpi/app/src/proto/sensor_data) by extension 'ignore_ament_install'
[0.285s] Level 1:colcon.colcon_core.package_identification:_identify(meercat/meercat-rpi/app/src/proto/sensor_data) by extensions ['colcon_pkg']
[0.285s] Level 1:colcon.colcon_core.package_identification:_identify(meercat/meercat-rpi/app/src/proto/sensor_data) by extension 'colcon_pkg'
[0.285s] Level 1:colcon.colcon_core.package_identification:_identify(meercat/meercat-rpi/app/src/proto/sensor_data) by extensions ['colcon_meta']
[0.285s] Level 1:colcon.colcon_core.package_identification:_identify(meercat/meercat-rpi/app/src/proto/sensor_data) by extension 'colcon_meta'
[0.285s] Level 1:colcon.colcon_core.package_identification:_identify(meercat/meercat-rpi/app/src/proto/sensor_data) by extensions ['ros']
[0.285s] Level 1:colcon.colcon_core.package_identification:_identify(meercat/meercat-rpi/app/src/proto/sensor_data) by extension 'ros'
[0.285s] Level 1:colcon.colcon_core.package_identification:_identify(meercat/meercat-rpi/app/src/proto/sensor_data) by extensions ['cmake', 'python']
[0.285s] Level 1:colcon.colcon_core.package_identification:_identify(meercat/meercat-rpi/app/src/proto/sensor_data) by extension 'cmake'
[0.285s] Level 1:colcon.colcon_core.package_identification:_identify(meercat/meercat-rpi/app/src/proto/sensor_data) by extension 'python'
[0.285s] Level 1:colcon.colcon_core.package_identification:_identify(meercat/meercat-rpi/app/src/proto/sensor_data) by extensions ['python_setup_py']
[0.285s] Level 1:colcon.colcon_core.package_identification:_identify(meercat/meercat-rpi/app/src/proto/sensor_data) by extension 'python_setup_py'
[0.285s] Level 1:colcon.colcon_core.package_identification:_identify(meercat/meercat-rpi/app/src/proto/wombat_interchange) by extensions ['ignore', 'ignore_ament_install']
[0.285s] Level 1:colcon.colcon_core.package_identification:_identify(meercat/meercat-rpi/app/src/proto/wombat_interchange) by extension 'ignore'
[0.285s] Level 1:colcon.colcon_core.package_identification:_identify(meercat/meercat-rpi/app/src/proto/wombat_interchange) by extension 'ignore_ament_install'
[0.285s] Level 1:colcon.colcon_core.package_identification:_identify(meercat/meercat-rpi/app/src/proto/wombat_interchange) by extensions ['colcon_pkg']
[0.285s] Level 1:colcon.colcon_core.package_identification:_identify(meercat/meercat-rpi/app/src/proto/wombat_interchange) by extension 'colcon_pkg'
[0.285s] Level 1:colcon.colcon_core.package_identification:_identify(meercat/meercat-rpi/app/src/proto/wombat_interchange) by extensions ['colcon_meta']
[0.285s] Level 1:colcon.colcon_core.package_identification:_identify(meercat/meercat-rpi/app/src/proto/wombat_interchange) by extension 'colcon_meta'
[0.285s] Level 1:colcon.colcon_core.package_identification:_identify(meercat/meercat-rpi/app/src/proto/wombat_interchange) by extensions ['ros']
[0.285s] Level 1:colcon.colcon_core.package_identification:_identify(meercat/meercat-rpi/app/src/proto/wombat_interchange) by extension 'ros'
[0.285s] Level 1:colcon.colcon_core.package_identification:_identify(meercat/meercat-rpi/app/src/proto/wombat_interchange) by extensions ['cmake', 'python']
[0.285s] Level 1:colcon.colcon_core.package_identification:_identify(meercat/meercat-rpi/app/src/proto/wombat_interchange) by extension 'cmake'
[0.285s] Level 1:colcon.colcon_core.package_identification:_identify(meercat/meercat-rpi/app/src/proto/wombat_interchange) by extension 'python'
[0.285s] Level 1:colcon.colcon_core.package_identification:_identify(meercat/meercat-rpi/app/src/proto/wombat_interchange) by extensions ['python_setup_py']
[0.285s] Level 1:colcon.colcon_core.package_identification:_identify(meercat/meercat-rpi/app/src/proto/wombat_interchange) by extension 'python_setup_py'
[0.285s] Level 1:colcon.colcon_core.package_identification:_identify(meercat/meercat-rpi/app/src/tests) by extensions ['ignore', 'ignore_ament_install']
[0.286s] Level 1:colcon.colcon_core.package_identification:_identify(meercat/meercat-rpi/app/src/tests) by extension 'ignore'
[0.286s] Level 1:colcon.colcon_core.package_identification:_identify(meercat/meercat-rpi/app/src/tests) by extension 'ignore_ament_install'
[0.286s] Level 1:colcon.colcon_core.package_identification:_identify(meercat/meercat-rpi/app/src/tests) by extensions ['colcon_pkg']
[0.286s] Level 1:colcon.colcon_core.package_identification:_identify(meercat/meercat-rpi/app/src/tests) by extension 'colcon_pkg'
[0.286s] Level 1:colcon.colcon_core.package_identification:_identify(meercat/meercat-rpi/app/src/tests) by extensions ['colcon_meta']
[0.286s] Level 1:colcon.colcon_core.package_identification:_identify(meercat/meercat-rpi/app/src/tests) by extension 'colcon_meta'
[0.286s] Level 1:colcon.colcon_core.package_identification:_identify(meercat/meercat-rpi/app/src/tests) by extensions ['ros']
[0.286s] Level 1:colcon.colcon_core.package_identification:_identify(meercat/meercat-rpi/app/src/tests) by extension 'ros'
[0.286s] Level 1:colcon.colcon_core.package_identification:_identify(meercat/meercat-rpi/app/src/tests) by extensions ['cmake', 'python']
[0.286s] Level 1:colcon.colcon_core.package_identification:_identify(meercat/meercat-rpi/app/src/tests) by extension 'cmake'
[0.286s] Level 1:colcon.colcon_core.package_identification:_identify(meercat/meercat-rpi/app/src/tests) by extension 'python'
[0.286s] Level 1:colcon.colcon_core.package_identification:_identify(meercat/meercat-rpi/app/src/tests) by extensions ['python_setup_py']
[0.286s] Level 1:colcon.colcon_core.package_identification:_identify(meercat/meercat-rpi/app/src/tests) by extension 'python_setup_py'
[0.286s] Level 1:colcon.colcon_core.package_identification:_identify(meercat/meercat-rpi/proto) by extensions ['ignore', 'ignore_ament_install']
[0.286s] Level 1:colcon.colcon_core.package_identification:_identify(meercat/meercat-rpi/proto) by extension 'ignore'
[0.286s] Level 1:colcon.colcon_core.package_identification:_identify(meercat/meercat-rpi/proto) by extension 'ignore_ament_install'
[0.286s] Level 1:colcon.colcon_core.package_identification:_identify(meercat/meercat-rpi/proto) by extensions ['colcon_pkg']
[0.286s] Level 1:colcon.colcon_core.package_identification:_identify(meercat/meercat-rpi/proto) by extension 'colcon_pkg'
[0.286s] Level 1:colcon.colcon_core.package_identification:_identify(meercat/meercat-rpi/proto) by extensions ['colcon_meta']
[0.286s] Level 1:colcon.colcon_core.package_identification:_identify(meercat/meercat-rpi/proto) by extension 'colcon_meta'
[0.286s] Level 1:colcon.colcon_core.package_identification:_identify(meercat/meercat-rpi/proto) by extensions ['ros']
[0.286s] Level 1:colcon.colcon_core.package_identification:_identify(meercat/meercat-rpi/proto) by extension 'ros'
[0.286s] Level 1:colcon.colcon_core.package_identification:_identify(meercat/meercat-rpi/proto) by extensions ['cmake', 'python']
[0.286s] Level 1:colcon.colcon_core.package_identification:_identify(meercat/meercat-rpi/proto) by extension 'cmake'
[0.286s] Level 1:colcon.colcon_core.package_identification:_identify(meercat/meercat-rpi/proto) by extension 'python'
[0.286s] Level 1:colcon.colcon_core.package_identification:_identify(meercat/meercat-rpi/proto) by extensions ['python_setup_py']
[0.286s] Level 1:colcon.colcon_core.package_identification:_identify(meercat/meercat-rpi/proto) by extension 'python_setup_py'
[0.286s] Level 1:colcon.colcon_core.package_identification:_identify(meercat/meercat-rpi/proto/map_generation) by extensions ['ignore', 'ignore_ament_install']
[0.286s] Level 1:colcon.colcon_core.package_identification:_identify(meercat/meercat-rpi/proto/map_generation) by extension 'ignore'
[0.286s] Level 1:colcon.colcon_core.package_identification:_identify(meercat/meercat-rpi/proto/map_generation) by extension 'ignore_ament_install'
[0.286s] Level 1:colcon.colcon_core.package_identification:_identify(meercat/meercat-rpi/proto/map_generation) by extensions ['colcon_pkg']
[0.287s] Level 1:colcon.colcon_core.package_identification:_identify(meercat/meercat-rpi/proto/map_generation) by extension 'colcon_pkg'
[0.287s] Level 1:colcon.colcon_core.package_identification:_identify(meercat/meercat-rpi/proto/map_generation) by extensions ['colcon_meta']
[0.287s] Level 1:colcon.colcon_core.package_identification:_identify(meercat/meercat-rpi/proto/map_generation) by extension 'colcon_meta'
[0.287s] Level 1:colcon.colcon_core.package_identification:_identify(meercat/meercat-rpi/proto/map_generation) by extensions ['ros']
[0.287s] Level 1:colcon.colcon_core.package_identification:_identify(meercat/meercat-rpi/proto/map_generation) by extension 'ros'
[0.287s] Level 1:colcon.colcon_core.package_identification:_identify(meercat/meercat-rpi/proto/map_generation) by extensions ['cmake', 'python']
[0.287s] Level 1:colcon.colcon_core.package_identification:_identify(meercat/meercat-rpi/proto/map_generation) by extension 'cmake'
[0.287s] Level 1:colcon.colcon_core.package_identification:_identify(meercat/meercat-rpi/proto/map_generation) by extension 'python'
[0.287s] Level 1:colcon.colcon_core.package_identification:_identify(meercat/meercat-rpi/proto/map_generation) by extensions ['python_setup_py']
[0.287s] Level 1:colcon.colcon_core.package_identification:_identify(meercat/meercat-rpi/proto/map_generation) by extension 'python_setup_py'
[0.287s] Level 1:colcon.colcon_core.package_identification:_identify(meercat/meercat-rpi/proto/sensor_data) by extensions ['ignore', 'ignore_ament_install']
[0.287s] Level 1:colcon.colcon_core.package_identification:_identify(meercat/meercat-rpi/proto/sensor_data) by extension 'ignore'
[0.287s] Level 1:colcon.colcon_core.package_identification:_identify(meercat/meercat-rpi/proto/sensor_data) by extension 'ignore_ament_install'
[0.287s] Level 1:colcon.colcon_core.package_identification:_identify(meercat/meercat-rpi/proto/sensor_data) by extensions ['colcon_pkg']
[0.287s] Level 1:colcon.colcon_core.package_identification:_identify(meercat/meercat-rpi/proto/sensor_data) by extension 'colcon_pkg'
[0.287s] Level 1:colcon.colcon_core.package_identification:_identify(meercat/meercat-rpi/proto/sensor_data) by extensions ['colcon_meta']
[0.287s] Level 1:colcon.colcon_core.package_identification:_identify(meercat/meercat-rpi/proto/sensor_data) by extension 'colcon_meta'
[0.287s] Level 1:colcon.colcon_core.package_identification:_identify(meercat/meercat-rpi/proto/sensor_data) by extensions ['ros']
[0.287s] Level 1:colcon.colcon_core.package_identification:_identify(meercat/meercat-rpi/proto/sensor_data) by extension 'ros'
[0.287s] Level 1:colcon.colcon_core.package_identification:_identify(meercat/meercat-rpi/proto/sensor_data) by extensions ['cmake', 'python']
[0.287s] Level 1:colcon.colcon_core.package_identification:_identify(meercat/meercat-rpi/proto/sensor_data) by extension 'cmake'
[0.287s] Level 1:colcon.colcon_core.package_identification:_identify(meercat/meercat-rpi/proto/sensor_data) by extension 'python'
[0.287s] Level 1:colcon.colcon_core.package_identification:_identify(meercat/meercat-rpi/proto/sensor_data) by extensions ['python_setup_py']
[0.287s] Level 1:colcon.colcon_core.package_identification:_identify(meercat/meercat-rpi/proto/sensor_data) by extension 'python_setup_py'
[0.287s] Level 1:colcon.colcon_core.package_identification:_identify(meercat/meercat-rpi/proto/wombat_interchange) by extensions ['ignore', 'ignore_ament_install']
[0.287s] Level 1:colcon.colcon_core.package_identification:_identify(meercat/meercat-rpi/proto/wombat_interchange) by extension 'ignore'
[0.287s] Level 1:colcon.colcon_core.package_identification:_identify(meercat/meercat-rpi/proto/wombat_interchange) by extension 'ignore_ament_install'
[0.287s] Level 1:colcon.colcon_core.package_identification:_identify(meercat/meercat-rpi/proto/wombat_interchange) by extensions ['colcon_pkg']
[0.287s] Level 1:colcon.colcon_core.package_identification:_identify(meercat/meercat-rpi/proto/wombat_interchange) by extension 'colcon_pkg'
[0.287s] Level 1:colcon.colcon_core.package_identification:_identify(meercat/meercat-rpi/proto/wombat_interchange) by extensions ['colcon_meta']
[0.287s] Level 1:colcon.colcon_core.package_identification:_identify(meercat/meercat-rpi/proto/wombat_interchange) by extension 'colcon_meta'
[0.287s] Level 1:colcon.colcon_core.package_identification:_identify(meercat/meercat-rpi/proto/wombat_interchange) by extensions ['ros']
[0.287s] Level 1:colcon.colcon_core.package_identification:_identify(meercat/meercat-rpi/proto/wombat_interchange) by extension 'ros'
[0.287s] Level 1:colcon.colcon_core.package_identification:_identify(meercat/meercat-rpi/proto/wombat_interchange) by extensions ['cmake', 'python']
[0.287s] Level 1:colcon.colcon_core.package_identification:_identify(meercat/meercat-rpi/proto/wombat_interchange) by extension 'cmake'
[0.287s] Level 1:colcon.colcon_core.package_identification:_identify(meercat/meercat-rpi/proto/wombat_interchange) by extension 'python'
[0.287s] Level 1:colcon.colcon_core.package_identification:_identify(meercat/meercat-rpi/proto/wombat_interchange) by extensions ['python_setup_py']
[0.288s] Level 1:colcon.colcon_core.package_identification:_identify(meercat/meercat-rpi/proto/wombat_interchange) by extension 'python_setup_py'
[0.288s] Level 1:colcon.colcon_core.package_identification:_identify(wombat) by extensions ['ignore', 'ignore_ament_install']
[0.288s] Level 1:colcon.colcon_core.package_identification:_identify(wombat) by extension 'ignore'
[0.288s] Level 1:colcon.colcon_core.package_identification:_identify(wombat) by extension 'ignore_ament_install'
[0.288s] Level 1:colcon.colcon_core.package_identification:_identify(wombat) by extensions ['colcon_pkg']
[0.288s] Level 1:colcon.colcon_core.package_identification:_identify(wombat) by extension 'colcon_pkg'
[0.288s] Level 1:colcon.colcon_core.package_identification:_identify(wombat) by extensions ['colcon_meta']
[0.288s] Level 1:colcon.colcon_core.package_identification:_identify(wombat) by extension 'colcon_meta'
[0.288s] Level 1:colcon.colcon_core.package_identification:_identify(wombat) by extensions ['ros']
[0.288s] Level 1:colcon.colcon_core.package_identification:_identify(wombat) by extension 'ros'
[0.288s] Level 1:colcon.colcon_core.package_identification:_identify(wombat) by extensions ['cmake', 'python']
[0.288s] Level 1:colcon.colcon_core.package_identification:_identify(wombat) by extension 'cmake'
[0.288s] Level 1:colcon.colcon_core.package_identification:_identify(wombat) by extension 'python'
[0.288s] Level 1:colcon.colcon_core.package_identification:_identify(wombat) by extensions ['python_setup_py']
[0.288s] Level 1:colcon.colcon_core.package_identification:_identify(wombat) by extension 'python_setup_py'
[0.288s] Level 1:colcon.colcon_core.package_identification:_identify(wombat/data-collection) by extensions ['ignore', 'ignore_ament_install']
[0.288s] Level 1:colcon.colcon_core.package_identification:_identify(wombat/data-collection) by extension 'ignore'
[0.288s] Level 1:colcon.colcon_core.package_identification:_identify(wombat/data-collection) by extension 'ignore_ament_install'
[0.288s] Level 1:colcon.colcon_core.package_identification:_identify(wombat/data-collection) by extensions ['colcon_pkg']
[0.288s] Level 1:colcon.colcon_core.package_identification:_identify(wombat/data-collection) by extension 'colcon_pkg'
[0.288s] Level 1:colcon.colcon_core.package_identification:_identify(wombat/data-collection) by extensions ['colcon_meta']
[0.288s] Level 1:colcon.colcon_core.package_identification:_identify(wombat/data-collection) by extension 'colcon_meta'
[0.288s] Level 1:colcon.colcon_core.package_identification:_identify(wombat/data-collection) by extensions ['ros']
[0.288s] Level 1:colcon.colcon_core.package_identification:_identify(wombat/data-collection) by extension 'ros'
[0.288s] Level 1:colcon.colcon_core.package_identification:_identify(wombat/data-collection) by extensions ['cmake', 'python']
[0.288s] Level 1:colcon.colcon_core.package_identification:_identify(wombat/data-collection) by extension 'cmake'
[0.288s] Level 1:colcon.colcon_core.package_identification:_identify(wombat/data-collection) by extension 'python'
[0.288s] Level 1:colcon.colcon_core.package_identification:_identify(wombat/data-collection) by extensions ['python_setup_py']
[0.288s] Level 1:colcon.colcon_core.package_identification:_identify(wombat/data-collection) by extension 'python_setup_py'
[0.288s] Level 1:colcon.colcon_core.package_identification:_identify(wombat/driver-tests) by extensions ['ignore', 'ignore_ament_install']
[0.288s] Level 1:colcon.colcon_core.package_identification:_identify(wombat/driver-tests) by extension 'ignore'
[0.288s] Level 1:colcon.colcon_core.package_identification:_identify(wombat/driver-tests) by extension 'ignore_ament_install'
[0.288s] Level 1:colcon.colcon_core.package_identification:_identify(wombat/driver-tests) by extensions ['colcon_pkg']
[0.288s] Level 1:colcon.colcon_core.package_identification:_identify(wombat/driver-tests) by extension 'colcon_pkg'
[0.288s] Level 1:colcon.colcon_core.package_identification:_identify(wombat/driver-tests) by extensions ['colcon_meta']
[0.288s] Level 1:colcon.colcon_core.package_identification:_identify(wombat/driver-tests) by extension 'colcon_meta'
[0.288s] Level 1:colcon.colcon_core.package_identification:_identify(wombat/driver-tests) by extensions ['ros']
[0.288s] Level 1:colcon.colcon_core.package_identification:_identify(wombat/driver-tests) by extension 'ros'
[0.288s] Level 1:colcon.colcon_core.package_identification:_identify(wombat/driver-tests) by extensions ['cmake', 'python']
[0.288s] Level 1:colcon.colcon_core.package_identification:_identify(wombat/driver-tests) by extension 'cmake'
[0.288s] Level 1:colcon.colcon_core.package_identification:_identify(wombat/driver-tests) by extension 'python'
[0.289s] Level 1:colcon.colcon_core.package_identification:_identify(wombat/driver-tests) by extensions ['python_setup_py']
[0.289s] Level 1:colcon.colcon_core.package_identification:_identify(wombat/driver-tests) by extension 'python_setup_py'
[0.289s] Level 1:colcon.colcon_core.package_identification:_identify(wombat/i2c-command-test-stm32) by extensions ['ignore', 'ignore_ament_install']
[0.289s] Level 1:colcon.colcon_core.package_identification:_identify(wombat/i2c-command-test-stm32) by extension 'ignore'
[0.289s] Level 1:colcon.colcon_core.package_identification:_identify(wombat/i2c-command-test-stm32) by extension 'ignore_ament_install'
[0.289s] Level 1:colcon.colcon_core.package_identification:_identify(wombat/i2c-command-test-stm32) by extensions ['colcon_pkg']
[0.289s] Level 1:colcon.colcon_core.package_identification:_identify(wombat/i2c-command-test-stm32) by extension 'colcon_pkg'
[0.289s] Level 1:colcon.colcon_core.package_identification:_identify(wombat/i2c-command-test-stm32) by extensions ['colcon_meta']
[0.289s] Level 1:colcon.colcon_core.package_identification:_identify(wombat/i2c-command-test-stm32) by extension 'colcon_meta'
[0.289s] Level 1:colcon.colcon_core.package_identification:_identify(wombat/i2c-command-test-stm32) by extensions ['ros']
[0.289s] Level 1:colcon.colcon_core.package_identification:_identify(wombat/i2c-command-test-stm32) by extension 'ros'
[0.289s] Level 1:colcon.colcon_core.package_identification:_identify(wombat/i2c-command-test-stm32) by extensions ['cmake', 'python']
[0.289s] Level 1:colcon.colcon_core.package_identification:_identify(wombat/i2c-command-test-stm32) by extension 'cmake'
[0.293s] Level 1:colcon.colcon_core.package_identification:_identify(wombat/i2c-command-test-stm32) by extension 'python'
[0.293s] DEBUG:colcon.colcon_core.package_identification:Package 'wombat/i2c-command-test-stm32' with type 'cmake' and name 'i2c-command-test-stm32'
[0.293s] Level 1:colcon.colcon_core.package_identification:_identify(wombat/ros2_ws) by extensions ['ignore', 'ignore_ament_install']
[0.293s] Level 1:colcon.colcon_core.package_identification:_identify(wombat/ros2_ws) by extension 'ignore'
[0.293s] Level 1:colcon.colcon_core.package_identification:_identify(wombat/ros2_ws) by extension 'ignore_ament_install'
[0.293s] Level 1:colcon.colcon_core.package_identification:_identify(wombat/ros2_ws) by extensions ['colcon_pkg']
[0.293s] Level 1:colcon.colcon_core.package_identification:_identify(wombat/ros2_ws) by extension 'colcon_pkg'
[0.293s] Level 1:colcon.colcon_core.package_identification:_identify(wombat/ros2_ws) by extensions ['colcon_meta']
[0.293s] Level 1:colcon.colcon_core.package_identification:_identify(wombat/ros2_ws) by extension 'colcon_meta'
[0.293s] Level 1:colcon.colcon_core.package_identification:_identify(wombat/ros2_ws) by extensions ['ros']
[0.293s] Level 1:colcon.colcon_core.package_identification:_identify(wombat/ros2_ws) by extension 'ros'
[0.293s] Level 1:colcon.colcon_core.package_identification:_identify(wombat/ros2_ws) by extensions ['cmake', 'python']
[0.293s] Level 1:colcon.colcon_core.package_identification:_identify(wombat/ros2_ws) by extension 'cmake'
[0.293s] Level 1:colcon.colcon_core.package_identification:_identify(wombat/ros2_ws) by extension 'python'
[0.293s] Level 1:colcon.colcon_core.package_identification:_identify(wombat/ros2_ws) by extensions ['python_setup_py']
[0.293s] Level 1:colcon.colcon_core.package_identification:_identify(wombat/ros2_ws) by extension 'python_setup_py'
[0.294s] Level 1:colcon.colcon_core.package_identification:_identify(wombat/ros2_ws/build) by extensions ['ignore', 'ignore_ament_install']
[0.294s] Level 1:colcon.colcon_core.package_identification:_identify(wombat/ros2_ws/build) by extension 'ignore'
[0.294s] Level 1:colcon.colcon_core.package_identification:_identify(wombat/ros2_ws/build) ignored
[0.294s] Level 1:colcon.colcon_core.package_identification:_identify(wombat/ros2_ws/install) by extensions ['ignore', 'ignore_ament_install']
[0.294s] Level 1:colcon.colcon_core.package_identification:_identify(wombat/ros2_ws/install) by extension 'ignore'
[0.294s] Level 1:colcon.colcon_core.package_identification:_identify(wombat/ros2_ws/install) ignored
[0.294s] Level 1:colcon.colcon_core.package_identification:_identify(wombat/ros2_ws/log) by extensions ['ignore', 'ignore_ament_install']
[0.294s] Level 1:colcon.colcon_core.package_identification:_identify(wombat/ros2_ws/log) by extension 'ignore'
[0.294s] Level 1:colcon.colcon_core.package_identification:_identify(wombat/ros2_ws/log) ignored
[0.294s] Level 1:colcon.colcon_core.package_identification:_identify(wombat/ros2_ws/src) by extensions ['ignore', 'ignore_ament_install']
[0.294s] Level 1:colcon.colcon_core.package_identification:_identify(wombat/ros2_ws/src) by extension 'ignore'
[0.294s] Level 1:colcon.colcon_core.package_identification:_identify(wombat/ros2_ws/src) by extension 'ignore_ament_install'
[0.294s] Level 1:colcon.colcon_core.package_identification:_identify(wombat/ros2_ws/src) by extensions ['colcon_pkg']
[0.294s] Level 1:colcon.colcon_core.package_identification:_identify(wombat/ros2_ws/src) by extension 'colcon_pkg'
[0.294s] Level 1:colcon.colcon_core.package_identification:_identify(wombat/ros2_ws/src) by extensions ['colcon_meta']
[0.294s] Level 1:colcon.colcon_core.package_identification:_identify(wombat/ros2_ws/src) by extension 'colcon_meta'
[0.294s] Level 1:colcon.colcon_core.package_identification:_identify(wombat/ros2_ws/src) by extensions ['ros']
[0.295s] Level 1:colcon.colcon_core.package_identification:_identify(wombat/ros2_ws/src) by extension 'ros'
[0.295s] Level 1:colcon.colcon_core.package_identification:_identify(wombat/ros2_ws/src) by extensions ['cmake', 'python']
[0.295s] Level 1:colcon.colcon_core.package_identification:_identify(wombat/ros2_ws/src) by extension 'cmake'
[0.295s] Level 1:colcon.colcon_core.package_identification:_identify(wombat/ros2_ws/src) by extension 'python'
[0.295s] Level 1:colcon.colcon_core.package_identification:_identify(wombat/ros2_ws/src) by extensions ['python_setup_py']
[0.295s] Level 1:colcon.colcon_core.package_identification:_identify(wombat/ros2_ws/src) by extension 'python_setup_py'
[0.295s] Level 1:colcon.colcon_core.package_identification:_identify(wombat/ros2_ws/src/wombat_drivers) by extensions ['ignore', 'ignore_ament_install']
[0.295s] Level 1:colcon.colcon_core.package_identification:_identify(wombat/ros2_ws/src/wombat_drivers) by extension 'ignore'
[0.295s] Level 1:colcon.colcon_core.package_identification:_identify(wombat/ros2_ws/src/wombat_drivers) by extension 'ignore_ament_install'
[0.295s] Level 1:colcon.colcon_core.package_identification:_identify(wombat/ros2_ws/src/wombat_drivers) by extensions ['colcon_pkg']
[0.295s] Level 1:colcon.colcon_core.package_identification:_identify(wombat/ros2_ws/src/wombat_drivers) by extension 'colcon_pkg'
[0.295s] Level 1:colcon.colcon_core.package_identification:_identify(wombat/ros2_ws/src/wombat_drivers) by extensions ['colcon_meta']
[0.295s] Level 1:colcon.colcon_core.package_identification:_identify(wombat/ros2_ws/src/wombat_drivers) by extension 'colcon_meta'
[0.295s] Level 1:colcon.colcon_core.package_identification:_identify(wombat/ros2_ws/src/wombat_drivers) by extensions ['ros']
[0.295s] Level 1:colcon.colcon_core.package_identification:_identify(wombat/ros2_ws/src/wombat_drivers) by extension 'ros'
[0.298s] DEBUG:colcon.colcon_core.package_identification:Package 'wombat/ros2_ws/src/wombat_drivers' with type 'ros.ament_python' and name 'wombat_drivers'
[0.299s] Level 1:colcon.colcon_core.package_identification:_identify(wombat/ros2_ws/src/wombat_host) by extensions ['ignore', 'ignore_ament_install']
[0.299s] Level 1:colcon.colcon_core.package_identification:_identify(wombat/ros2_ws/src/wombat_host) by extension 'ignore'
[0.299s] Level 1:colcon.colcon_core.package_identification:_identify(wombat/ros2_ws/src/wombat_host) by extension 'ignore_ament_install'
[0.299s] Level 1:colcon.colcon_core.package_identification:_identify(wombat/ros2_ws/src/wombat_host) by extensions ['colcon_pkg']
[0.299s] Level 1:colcon.colcon_core.package_identification:_identify(wombat/ros2_ws/src/wombat_host) by extension 'colcon_pkg'
[0.299s] Level 1:colcon.colcon_core.package_identification:_identify(wombat/ros2_ws/src/wombat_host) by extensions ['colcon_meta']
[0.299s] Level 1:colcon.colcon_core.package_identification:_identify(wombat/ros2_ws/src/wombat_host) by extension 'colcon_meta'
[0.299s] Level 1:colcon.colcon_core.package_identification:_identify(wombat/ros2_ws/src/wombat_host) by extensions ['ros']
[0.299s] Level 1:colcon.colcon_core.package_identification:_identify(wombat/ros2_ws/src/wombat_host) by extension 'ros'
[0.299s] DEBUG:colcon.colcon_core.package_identification:Package 'wombat/ros2_ws/src/wombat_host' with type 'ros.ament_python' and name 'wombat_host'
[0.299s] Level 1:colcon.colcon_core.package_identification:_identify(wombat/ros2_ws/src/wombat_launch) by extensions ['ignore', 'ignore_ament_install']
[0.300s] Level 1:colcon.colcon_core.package_identification:_identify(wombat/ros2_ws/src/wombat_launch) by extension 'ignore'
[0.300s] Level 1:colcon.colcon_core.package_identification:_identify(wombat/ros2_ws/src/wombat_launch) by extension 'ignore_ament_install'
[0.300s] Level 1:colcon.colcon_core.package_identification:_identify(wombat/ros2_ws/src/wombat_launch) by extensions ['colcon_pkg']
[0.300s] Level 1:colcon.colcon_core.package_identification:_identify(wombat/ros2_ws/src/wombat_launch) by extension 'colcon_pkg'
[0.300s] Level 1:colcon.colcon_core.package_identification:_identify(wombat/ros2_ws/src/wombat_launch) by extensions ['colcon_meta']
[0.300s] Level 1:colcon.colcon_core.package_identification:_identify(wombat/ros2_ws/src/wombat_launch) by extension 'colcon_meta'
[0.300s] Level 1:colcon.colcon_core.package_identification:_identify(wombat/ros2_ws/src/wombat_launch) by extensions ['ros']
[0.300s] Level 1:colcon.colcon_core.package_identification:_identify(wombat/ros2_ws/src/wombat_launch) by extension 'ros'
[0.300s] DEBUG:colcon.colcon_core.package_identification:Package 'wombat/ros2_ws/src/wombat_launch' with type 'ros.ament_python' and name 'wombat_launch'
[0.300s] Level 1:colcon.colcon_core.package_identification:_identify(wombat/ros2_ws/src/wombat_meercat_if) by extensions ['ignore', 'ignore_ament_install']
[0.300s] Level 1:colcon.colcon_core.package_identification:_identify(wombat/ros2_ws/src/wombat_meercat_if) by extension 'ignore'
[0.300s] Level 1:colcon.colcon_core.package_identification:_identify(wombat/ros2_ws/src/wombat_meercat_if) by extension 'ignore_ament_install'
[0.300s] Level 1:colcon.colcon_core.package_identification:_identify(wombat/ros2_ws/src/wombat_meercat_if) by extensions ['colcon_pkg']
[0.300s] Level 1:colcon.colcon_core.package_identification:_identify(wombat/ros2_ws/src/wombat_meercat_if) by extension 'colcon_pkg'
[0.300s] Level 1:colcon.colcon_core.package_identification:_identify(wombat/ros2_ws/src/wombat_meercat_if) by extensions ['colcon_meta']
[0.300s] Level 1:colcon.colcon_core.package_identification:_identify(wombat/ros2_ws/src/wombat_meercat_if) by extension 'colcon_meta'
[0.300s] Level 1:colcon.colcon_core.package_identification:_identify(wombat/ros2_ws/src/wombat_meercat_if) by extensions ['ros']
[0.301s] Level 1:colcon.colcon_core.package_identification:_identify(wombat/ros2_ws/src/wombat_meercat_if) by extension 'ros'
[0.301s] DEBUG:colcon.colcon_core.package_identification:Package 'wombat/ros2_ws/src/wombat_meercat_if' with type 'ros.ament_python' and name 'wombat_meercat_if'
[0.301s] Level 1:colcon.colcon_core.package_identification:_identify(wombat/ros2_ws/src/wombat_msgs) by extensions ['ignore', 'ignore_ament_install']
[0.301s] Level 1:colcon.colcon_core.package_identification:_identify(wombat/ros2_ws/src/wombat_msgs) by extension 'ignore'
[0.301s] Level 1:colcon.colcon_core.package_identification:_identify(wombat/ros2_ws/src/wombat_msgs) by extension 'ignore_ament_install'
[0.301s] Level 1:colcon.colcon_core.package_identification:_identify(wombat/ros2_ws/src/wombat_msgs) by extensions ['colcon_pkg']
[0.301s] Level 1:colcon.colcon_core.package_identification:_identify(wombat/ros2_ws/src/wombat_msgs) by extension 'colcon_pkg'
[0.301s] Level 1:colcon.colcon_core.package_identification:_identify(wombat/ros2_ws/src/wombat_msgs) by extensions ['colcon_meta']
[0.301s] Level 1:colcon.colcon_core.package_identification:_identify(wombat/ros2_ws/src/wombat_msgs) by extension 'colcon_meta'
[0.301s] Level 1:colcon.colcon_core.package_identification:_identify(wombat/ros2_ws/src/wombat_msgs) by extensions ['ros']
[0.301s] Level 1:colcon.colcon_core.package_identification:_identify(wombat/ros2_ws/src/wombat_msgs) by extension 'ros'
[0.307s] DEBUG:colcon.colcon_core.package_identification:Package 'wombat/ros2_ws/src/wombat_msgs' with type 'ros.ament_cmake' and name 'wombat_msgs'
[0.307s] Level 1:colcon.colcon_core.package_identification:_identify(wombat/ros2_ws/src/wombat_nav) by extensions ['ignore', 'ignore_ament_install']
[0.307s] Level 1:colcon.colcon_core.package_identification:_identify(wombat/ros2_ws/src/wombat_nav) by extension 'ignore'
[0.307s] Level 1:colcon.colcon_core.package_identification:_identify(wombat/ros2_ws/src/wombat_nav) by extension 'ignore_ament_install'
[0.307s] Level 1:colcon.colcon_core.package_identification:_identify(wombat/ros2_ws/src/wombat_nav) by extensions ['colcon_pkg']
[0.307s] Level 1:colcon.colcon_core.package_identification:_identify(wombat/ros2_ws/src/wombat_nav) by extension 'colcon_pkg'
[0.307s] Level 1:colcon.colcon_core.package_identification:_identify(wombat/ros2_ws/src/wombat_nav) by extensions ['colcon_meta']
[0.307s] Level 1:colcon.colcon_core.package_identification:_identify(wombat/ros2_ws/src/wombat_nav) by extension 'colcon_meta'
[0.307s] Level 1:colcon.colcon_core.package_identification:_identify(wombat/ros2_ws/src/wombat_nav) by extensions ['ros']
[0.307s] Level 1:colcon.colcon_core.package_identification:_identify(wombat/ros2_ws/src/wombat_nav) by extension 'ros'
[0.308s] DEBUG:colcon.colcon_core.package_identification:Package 'wombat/ros2_ws/src/wombat_nav' with type 'ros.ament_python' and name 'wombat_nav'
[0.308s] Level 1:colcon.colcon_core.package_identification:_identify(wombat/stm32-motor-speed-control) by extensions ['ignore', 'ignore_ament_install']
[0.308s] Level 1:colcon.colcon_core.package_identification:_identify(wombat/stm32-motor-speed-control) by extension 'ignore'
[0.308s] Level 1:colcon.colcon_core.package_identification:_identify(wombat/stm32-motor-speed-control) by extension 'ignore_ament_install'
[0.308s] Level 1:colcon.colcon_core.package_identification:_identify(wombat/stm32-motor-speed-control) by extensions ['colcon_pkg']
[0.308s] Level 1:colcon.colcon_core.package_identification:_identify(wombat/stm32-motor-speed-control) by extension 'colcon_pkg'
[0.308s] Level 1:colcon.colcon_core.package_identification:_identify(wombat/stm32-motor-speed-control) by extensions ['colcon_meta']
[0.308s] Level 1:colcon.colcon_core.package_identification:_identify(wombat/stm32-motor-speed-control) by extension 'colcon_meta'
[0.308s] Level 1:colcon.colcon_core.package_identification:_identify(wombat/stm32-motor-speed-control) by extensions ['ros']
[0.308s] Level 1:colcon.colcon_core.package_identification:_identify(wombat/stm32-motor-speed-control) by extension 'ros'
[0.308s] Level 1:colcon.colcon_core.package_identification:_identify(wombat/stm32-motor-speed-control) by extensions ['cmake', 'python']
[0.308s] Level 1:colcon.colcon_core.package_identification:_identify(wombat/stm32-motor-speed-control) by extension 'cmake'
[0.310s] Level 1:colcon.colcon_core.package_identification:_identify(wombat/stm32-motor-speed-control) by extension 'python'
[0.310s] DEBUG:colcon.colcon_core.package_identification:Package 'wombat/stm32-motor-speed-control' with type 'cmake' and name 'stm32-motor-speed-control'
[0.310s] Level 1:colcon.colcon_core.package_identification:_identify(wombat/vision) by extensions ['ignore', 'ignore_ament_install']
[0.310s] Level 1:colcon.colcon_core.package_identification:_identify(wombat/vision) by extension 'ignore'
[0.310s] Level 1:colcon.colcon_core.package_identification:_identify(wombat/vision) by extension 'ignore_ament_install'
[0.310s] Level 1:colcon.colcon_core.package_identification:_identify(wombat/vision) by extensions ['colcon_pkg']
[0.310s] Level 1:colcon.colcon_core.package_identification:_identify(wombat/vision) by extension 'colcon_pkg'
[0.310s] Level 1:colcon.colcon_core.package_identification:_identify(wombat/vision) by extensions ['colcon_meta']
[0.310s] Level 1:colcon.colcon_core.package_identification:_identify(wombat/vision) by extension 'colcon_meta'
[0.310s] Level 1:colcon.colcon_core.package_identification:_identify(wombat/vision) by extensions ['ros']
[0.310s] Level 1:colcon.colcon_core.package_identification:_identify(wombat/vision) by extension 'ros'
[0.310s] Level 1:colcon.colcon_core.package_identification:_identify(wombat/vision) by extensions ['cmake', 'python']
[0.310s] Level 1:colcon.colcon_core.package_identification:_identify(wombat/vision) by extension 'cmake'
[0.311s] Level 1:colcon.colcon_core.package_identification:_identify(wombat/vision) by extension 'python'
[0.311s] Level 1:colcon.colcon_core.package_identification:_identify(wombat/vision) by extensions ['python_setup_py']
[0.311s] Level 1:colcon.colcon_core.package_identification:_identify(wombat/vision) by extension 'python_setup_py'
[0.311s] Level 1:colcon.colcon_core.package_identification:_identify(wombat/vision/python_stereo_camera_calibrate) by extensions ['ignore', 'ignore_ament_install']
[0.311s] Level 1:colcon.colcon_core.package_identification:_identify(wombat/vision/python_stereo_camera_calibrate) by extension 'ignore'
[0.311s] Level 1:colcon.colcon_core.package_identification:_identify(wombat/vision/python_stereo_camera_calibrate) by extension 'ignore_ament_install'
[0.311s] Level 1:colcon.colcon_core.package_identification:_identify(wombat/vision/python_stereo_camera_calibrate) by extensions ['colcon_pkg']
[0.311s] Level 1:colcon.colcon_core.package_identification:_identify(wombat/vision/python_stereo_camera_calibrate) by extension 'colcon_pkg'
[0.311s] Level 1:colcon.colcon_core.package_identification:_identify(wombat/vision/python_stereo_camera_calibrate) by extensions ['colcon_meta']
[0.311s] Level 1:colcon.colcon_core.package_identification:_identify(wombat/vision/python_stereo_camera_calibrate) by extension 'colcon_meta'
[0.311s] Level 1:colcon.colcon_core.package_identification:_identify(wombat/vision/python_stereo_camera_calibrate) by extensions ['ros']
[0.311s] Level 1:colcon.colcon_core.package_identification:_identify(wombat/vision/python_stereo_camera_calibrate) by extension 'ros'
[0.311s] Level 1:colcon.colcon_core.package_identification:_identify(wombat/vision/python_stereo_camera_calibrate) by extensions ['cmake', 'python']
[0.311s] Level 1:colcon.colcon_core.package_identification:_identify(wombat/vision/python_stereo_camera_calibrate) by extension 'cmake'
[0.311s] Level 1:colcon.colcon_core.package_identification:_identify(wombat/vision/python_stereo_camera_calibrate) by extension 'python'
[0.311s] Level 1:colcon.colcon_core.package_identification:_identify(wombat/vision/python_stereo_camera_calibrate) by extensions ['python_setup_py']
[0.311s] Level 1:colcon.colcon_core.package_identification:_identify(wombat/vision/python_stereo_camera_calibrate) by extension 'python_setup_py'
[0.311s] Level 1:colcon.colcon_core.package_discovery:discover_packages(recursive) using defaults
[0.311s] Level 1:colcon.colcon_core.package_discovery:discover_packages(ignore) discover
[0.311s] Level 1:colcon.colcon_core.package_discovery:discover_packages(ignore) using defaults
[0.311s] Level 1:colcon.colcon_core.package_discovery:discover_packages(path) discover
[0.311s] Level 1:colcon.colcon_core.package_discovery:discover_packages(path) using defaults
[0.328s] Level 1:colcon.colcon_core.package_discovery:discover_packages(prefix_path) check parameters
[0.328s] Level 1:colcon.colcon_core.package_discovery:discover_packages(prefix_path) discover
[0.329s] Level 1:colcon.colcon_core.package_discovery:discover_packages(prefix_path) using defaults
[0.330s] Level 5:colcon.colcon_core.verb:set package 'i2c-command-test-stm32' build argument 'cmake_args' from command line to 'None'
[0.330s] Level 5:colcon.colcon_core.verb:set package 'i2c-command-test-stm32' build argument 'cmake_target' from command line to 'None'
[0.330s] Level 5:colcon.colcon_core.verb:set package 'i2c-command-test-stm32' build argument 'cmake_target_skip_unavailable' from command line to 'False'
[0.330s] Level 5:colcon.colcon_core.verb:set package 'i2c-command-test-stm32' build argument 'cmake_clean_cache' from command line to 'False'
[0.330s] Level 5:colcon.colcon_core.verb:set package 'i2c-command-test-stm32' build argument 'cmake_clean_first' from command line to 'False'
[0.330s] Level 5:colcon.colcon_core.verb:set package 'i2c-command-test-stm32' build argument 'cmake_force_configure' from command line to 'False'
[0.330s] Level 5:colcon.colcon_core.verb:set package 'i2c-command-test-stm32' build argument 'ament_cmake_args' from command line to 'None'
[0.330s] Level 5:colcon.colcon_core.verb:set package 'i2c-command-test-stm32' build argument 'catkin_cmake_args' from command line to 'None'
[0.330s] Level 5:colcon.colcon_core.verb:set package 'i2c-command-test-stm32' build argument 'catkin_skip_building_tests' from command line to 'False'
[0.330s] DEBUG:colcon.colcon_core.verb:Building package 'i2c-command-test-stm32' with the following arguments: {'ament_cmake_args': None, 'build_base': '/home/aimen/weed-removal-irl/build/i2c-command-test-stm32', 'catkin_cmake_args': None, 'catkin_skip_building_tests': False, 'cmake_args': None, 'cmake_clean_cache': False, 'cmake_clean_first': False, 'cmake_force_configure': False, 'cmake_target': None, 'cmake_target_skip_unavailable': False, 'install_base': '/home/aimen/weed-removal-irl/install/i2c-command-test-stm32', 'merge_install': False, 'path': '/home/aimen/weed-removal-irl/wombat/i2c-command-test-stm32', 'symlink_install': False, 'test_result_base': None}
[0.330s] Level 5:colcon.colcon_core.verb:set package 'stm32-motor-speed-control' build argument 'cmake_args' from command line to 'None'
[0.330s] Level 5:colcon.colcon_core.verb:set package 'stm32-motor-speed-control' build argument 'cmake_target' from command line to 'None'
[0.330s] Level 5:colcon.colcon_core.verb:set package 'stm32-motor-speed-control' build argument 'cmake_target_skip_unavailable' from command line to 'False'
[0.330s] Level 5:colcon.colcon_core.verb:set package 'stm32-motor-speed-control' build argument 'cmake_clean_cache' from command line to 'False'
[0.330s] Level 5:colcon.colcon_core.verb:set package 'stm32-motor-speed-control' build argument 'cmake_clean_first' from command line to 'False'
[0.330s] Level 5:colcon.colcon_core.verb:set package 'stm32-motor-speed-control' build argument 'cmake_force_configure' from command line to 'False'
[0.330s] Level 5:colcon.colcon_core.verb:set package 'stm32-motor-speed-control' build argument 'ament_cmake_args' from command line to 'None'
[0.330s] Level 5:colcon.colcon_core.verb:set package 'stm32-motor-speed-control' build argument 'catkin_cmake_args' from command line to 'None'
[0.330s] Level 5:colcon.colcon_core.verb:set package 'stm32-motor-speed-control' build argument 'catkin_skip_building_tests' from command line to 'False'
[0.331s] DEBUG:colcon.colcon_core.verb:Building package 'stm32-motor-speed-control' with the following arguments: {'ament_cmake_args': None, 'build_base': '/home/aimen/weed-removal-irl/build/stm32-motor-speed-control', 'catkin_cmake_args': None, 'catkin_skip_building_tests': False, 'cmake_args': None, 'cmake_clean_cache': False, 'cmake_clean_first': False, 'cmake_force_configure': False, 'cmake_target': None, 'cmake_target_skip_unavailable': False, 'install_base': '/home/aimen/weed-removal-irl/install/stm32-motor-speed-control', 'merge_install': False, 'path': '/home/aimen/weed-removal-irl/wombat/stm32-motor-speed-control', 'symlink_install': False, 'test_result_base': None}
[0.331s] Level 5:colcon.colcon_core.verb:set package 'wombat_host' build argument 'cmake_args' from command line to 'None'
[0.331s] Level 5:colcon.colcon_core.verb:set package 'wombat_host' build argument 'cmake_target' from command line to 'None'
[0.331s] Level 5:colcon.colcon_core.verb:set package 'wombat_host' build argument 'cmake_target_skip_unavailable' from command line to 'False'
[0.331s] Level 5:colcon.colcon_core.verb:set package 'wombat_host' build argument 'cmake_clean_cache' from command line to 'False'
[0.331s] Level 5:colcon.colcon_core.verb:set package 'wombat_host' build argument 'cmake_clean_first' from command line to 'False'
[0.331s] Level 5:colcon.colcon_core.verb:set package 'wombat_host' build argument 'cmake_force_configure' from command line to 'False'
[0.331s] Level 5:colcon.colcon_core.verb:set package 'wombat_host' build argument 'ament_cmake_args' from command line to 'None'
[0.331s] Level 5:colcon.colcon_core.verb:set package 'wombat_host' build argument 'catkin_cmake_args' from command line to 'None'
[0.331s] Level 5:colcon.colcon_core.verb:set package 'wombat_host' build argument 'catkin_skip_building_tests' from command line to 'False'
[0.331s] DEBUG:colcon.colcon_core.verb:Building package 'wombat_host' with the following arguments: {'ament_cmake_args': None, 'build_base': '/home/aimen/weed-removal-irl/build/wombat_host', 'catkin_cmake_args': None, 'catkin_skip_building_tests': False, 'cmake_args': None, 'cmake_clean_cache': False, 'cmake_clean_first': False, 'cmake_force_configure': False, 'cmake_target': None, 'cmake_target_skip_unavailable': False, 'install_base': '/home/aimen/weed-removal-irl/install/wombat_host', 'merge_install': False, 'path': '/home/aimen/weed-removal-irl/wombat/ros2_ws/src/wombat_host', 'symlink_install': False, 'test_result_base': None}
[0.331s] Level 5:colcon.colcon_core.verb:set package 'wombat_launch' build argument 'cmake_args' from command line to 'None'
[0.331s] Level 5:colcon.colcon_core.verb:set package 'wombat_launch' build argument 'cmake_target' from command line to 'None'
[0.331s] Level 5:colcon.colcon_core.verb:set package 'wombat_launch' build argument 'cmake_target_skip_unavailable' from command line to 'False'
[0.331s] Level 5:colcon.colcon_core.verb:set package 'wombat_launch' build argument 'cmake_clean_cache' from command line to 'False'
[0.331s] Level 5:colcon.colcon_core.verb:set package 'wombat_launch' build argument 'cmake_clean_first' from command line to 'False'
[0.331s] Level 5:colcon.colcon_core.verb:set package 'wombat_launch' build argument 'cmake_force_configure' from command line to 'False'
[0.331s] Level 5:colcon.colcon_core.verb:set package 'wombat_launch' build argument 'ament_cmake_args' from command line to 'None'
[0.331s] Level 5:colcon.colcon_core.verb:set package 'wombat_launch' build argument 'catkin_cmake_args' from command line to 'None'
[0.331s] Level 5:colcon.colcon_core.verb:set package 'wombat_launch' build argument 'catkin_skip_building_tests' from command line to 'False'
[0.331s] DEBUG:colcon.colcon_core.verb:Building package 'wombat_launch' with the following arguments: {'ament_cmake_args': None, 'build_base': '/home/aimen/weed-removal-irl/build/wombat_launch', 'catkin_cmake_args': None, 'catkin_skip_building_tests': False, 'cmake_args': None, 'cmake_clean_cache': False, 'cmake_clean_first': False, 'cmake_force_configure': False, 'cmake_target': None, 'cmake_target_skip_unavailable': False, 'install_base': '/home/aimen/weed-removal-irl/install/wombat_launch', 'merge_install': False, 'path': '/home/aimen/weed-removal-irl/wombat/ros2_ws/src/wombat_launch', 'symlink_install': False, 'test_result_base': None}
[0.331s] Level 5:colcon.colcon_core.verb:set package 'wombat_msgs' build argument 'cmake_args' from command line to 'None'
[0.331s] Level 5:colcon.colcon_core.verb:set package 'wombat_msgs' build argument 'cmake_target' from command line to 'None'
[0.331s] Level 5:colcon.colcon_core.verb:set package 'wombat_msgs' build argument 'cmake_target_skip_unavailable' from command line to 'False'
[0.331s] Level 5:colcon.colcon_core.verb:set package 'wombat_msgs' build argument 'cmake_clean_cache' from command line to 'False'
[0.331s] Level 5:colcon.colcon_core.verb:set package 'wombat_msgs' build argument 'cmake_clean_first' from command line to 'False'
[0.331s] Level 5:colcon.colcon_core.verb:set package 'wombat_msgs' build argument 'cmake_force_configure' from command line to 'False'
[0.331s] Level 5:colcon.colcon_core.verb:set package 'wombat_msgs' build argument 'ament_cmake_args' from command line to 'None'
[0.331s] Level 5:colcon.colcon_core.verb:set package 'wombat_msgs' build argument 'catkin_cmake_args' from command line to 'None'
[0.331s] Level 5:colcon.colcon_core.verb:set package 'wombat_msgs' build argument 'catkin_skip_building_tests' from command line to 'False'
[0.331s] DEBUG:colcon.colcon_core.verb:Building package 'wombat_msgs' with the following arguments: {'ament_cmake_args': None, 'build_base': '/home/aimen/weed-removal-irl/build/wombat_msgs', 'catkin_cmake_args': None, 'catkin_skip_building_tests': False, 'cmake_args': None, 'cmake_clean_cache': False, 'cmake_clean_first': False, 'cmake_force_configure': False, 'cmake_target': None, 'cmake_target_skip_unavailable': False, 'install_base': '/home/aimen/weed-removal-irl/install/wombat_msgs', 'merge_install': False, 'path': '/home/aimen/weed-removal-irl/wombat/ros2_ws/src/wombat_msgs', 'symlink_install': False, 'test_result_base': None}
[0.332s] Level 5:colcon.colcon_core.verb:set package 'wombat_drivers' build argument 'cmake_args' from command line to 'None'
[0.332s] Level 5:colcon.colcon_core.verb:set package 'wombat_drivers' build argument 'cmake_target' from command line to 'None'
[0.332s] Level 5:colcon.colcon_core.verb:set package 'wombat_drivers' build argument 'cmake_target_skip_unavailable' from command line to 'False'
[0.332s] Level 5:colcon.colcon_core.verb:set package 'wombat_drivers' build argument 'cmake_clean_cache' from command line to 'False'
[0.332s] Level 5:colcon.colcon_core.verb:set package 'wombat_drivers' build argument 'cmake_clean_first' from command line to 'False'
[0.332s] Level 5:colcon.colcon_core.verb:set package 'wombat_drivers' build argument 'cmake_force_configure' from command line to 'False'
[0.332s] Level 5:colcon.colcon_core.verb:set package 'wombat_drivers' build argument 'ament_cmake_args' from command line to 'None'
[0.332s] Level 5:colcon.colcon_core.verb:set package 'wombat_drivers' build argument 'catkin_cmake_args' from command line to 'None'
[0.332s] Level 5:colcon.colcon_core.verb:set package 'wombat_drivers' build argument 'catkin_skip_building_tests' from command line to 'False'
[0.332s] DEBUG:colcon.colcon_core.verb:Building package 'wombat_drivers' with the following arguments: {'ament_cmake_args': None, 'build_base': '/home/aimen/weed-removal-irl/build/wombat_drivers', 'catkin_cmake_args': None, 'catkin_skip_building_tests': False, 'cmake_args': None, 'cmake_clean_cache': False, 'cmake_clean_first': False, 'cmake_force_configure': False, 'cmake_target': None, 'cmake_target_skip_unavailable': False, 'install_base': '/home/aimen/weed-removal-irl/install/wombat_drivers', 'merge_install': False, 'path': '/home/aimen/weed-removal-irl/wombat/ros2_ws/src/wombat_drivers', 'symlink_install': False, 'test_result_base': None}
[0.332s] Level 5:colcon.colcon_core.verb:set package 'wombat_meercat_if' build argument 'cmake_args' from command line to 'None'
[0.332s] Level 5:colcon.colcon_core.verb:set package 'wombat_meercat_if' build argument 'cmake_target' from command line to 'None'
[0.332s] Level 5:colcon.colcon_core.verb:set package 'wombat_meercat_if' build argument 'cmake_target_skip_unavailable' from command line to 'False'
[0.332s] Level 5:colcon.colcon_core.verb:set package 'wombat_meercat_if' build argument 'cmake_clean_cache' from command line to 'False'
[0.332s] Level 5:colcon.colcon_core.verb:set package 'wombat_meercat_if' build argument 'cmake_clean_first' from command line to 'False'
[0.332s] Level 5:colcon.colcon_core.verb:set package 'wombat_meercat_if' build argument 'cmake_force_configure' from command line to 'False'
[0.332s] Level 5:colcon.colcon_core.verb:set package 'wombat_meercat_if' build argument 'ament_cmake_args' from command line to 'None'
[0.332s] Level 5:colcon.colcon_core.verb:set package 'wombat_meercat_if' build argument 'catkin_cmake_args' from command line to 'None'
[0.332s] Level 5:colcon.colcon_core.verb:set package 'wombat_meercat_if' build argument 'catkin_skip_building_tests' from command line to 'False'
[0.332s] DEBUG:colcon.colcon_core.verb:Building package 'wombat_meercat_if' with the following arguments: {'ament_cmake_args': None, 'build_base': '/home/aimen/weed-removal-irl/build/wombat_meercat_if', 'catkin_cmake_args': None, 'catkin_skip_building_tests': False, 'cmake_args': None, 'cmake_clean_cache': False, 'cmake_clean_first': False, 'cmake_force_configure': False, 'cmake_target': None, 'cmake_target_skip_unavailable': False, 'install_base': '/home/aimen/weed-removal-irl/install/wombat_meercat_if', 'merge_install': False, 'path': '/home/aimen/weed-removal-irl/wombat/ros2_ws/src/wombat_meercat_if', 'symlink_install': False, 'test_result_base': None}
[0.332s] Level 5:colcon.colcon_core.verb:set package 'wombat_nav' build argument 'cmake_args' from command line to 'None'
[0.332s] Level 5:colcon.colcon_core.verb:set package 'wombat_nav' build argument 'cmake_target' from command line to 'None'
[0.332s] Level 5:colcon.colcon_core.verb:set package 'wombat_nav' build argument 'cmake_target_skip_unavailable' from command line to 'False'
[0.332s] Level 5:colcon.colcon_core.verb:set package 'wombat_nav' build argument 'cmake_clean_cache' from command line to 'False'
[0.332s] Level 5:colcon.colcon_core.verb:set package 'wombat_nav' build argument 'cmake_clean_first' from command line to 'False'
[0.332s] Level 5:colcon.colcon_core.verb:set package 'wombat_nav' build argument 'cmake_force_configure' from command line to 'False'
[0.332s] Level 5:colcon.colcon_core.verb:set package 'wombat_nav' build argument 'ament_cmake_args' from command line to 'None'
[0.332s] Level 5:colcon.colcon_core.verb:set package 'wombat_nav' build argument 'catkin_cmake_args' from command line to 'None'
[0.332s] Level 5:colcon.colcon_core.verb:set package 'wombat_nav' build argument 'catkin_skip_building_tests' from command line to 'False'
[0.332s] DEBUG:colcon.colcon_core.verb:Building package 'wombat_nav' with the following arguments: {'ament_cmake_args': None, 'build_base': '/home/aimen/weed-removal-irl/build/wombat_nav', 'catkin_cmake_args': None, 'catkin_skip_building_tests': False, 'cmake_args': None, 'cmake_clean_cache': False, 'cmake_clean_first': False, 'cmake_force_configure': False, 'cmake_target': None, 'cmake_target_skip_unavailable': False, 'install_base': '/home/aimen/weed-removal-irl/install/wombat_nav', 'merge_install': False, 'path': '/home/aimen/weed-removal-irl/wombat/ros2_ws/src/wombat_nav', 'symlink_install': False, 'test_result_base': None}
[0.332s] INFO:colcon.colcon_core.executor:Executing jobs using 'parallel' executor
[0.333s] DEBUG:colcon.colcon_parallel_executor.executor.parallel:run_until_complete
[0.333s] INFO:colcon.colcon_ros.task.ament_cmake.build:Building ROS package in '/home/aimen/weed-removal-irl/wombat/ros2_ws/src/wombat_msgs' with build type 'ament_cmake'
[0.333s] INFO:colcon.colcon_cmake.task.cmake.build:Building CMake package in '/home/aimen/weed-removal-irl/wombat/ros2_ws/src/wombat_msgs'
[0.336s] INFO:colcon.colcon_core.plugin_system:Skipping extension 'colcon_core.shell.bat': Not used on non-Windows systems
[0.336s] INFO:colcon.colcon_core.shell:Skip shell extension 'powershell' for command environment: Not usable outside of PowerShell
[0.336s] DEBUG:colcon.colcon_core.shell:Skip shell extension 'dsv' for command environment
[0.337s] INFO:colcon.colcon_cmake.task.cmake.build:Building CMake package in '/home/aimen/weed-removal-irl/wombat/i2c-command-test-stm32'
[0.337s] INFO:colcon.colcon_core.shell:Skip shell extension 'powershell' for command environment: Not usable outside of PowerShell
[0.337s] DEBUG:colcon.colcon_core.shell:Skip shell extension 'dsv' for command environment
[0.338s] INFO:colcon.colcon_cmake.task.cmake.build:Building CMake package in '/home/aimen/weed-removal-irl/wombat/stm32-motor-speed-control'
[0.338s] INFO:colcon.colcon_core.shell:Skip shell extension 'powershell' for command environment: Not usable outside of PowerShell
[0.338s] DEBUG:colcon.colcon_core.shell:Skip shell extension 'dsv' for command environment
[0.340s] INFO:colcon.colcon_ros.task.ament_python.build:Building ROS package in '/home/aimen/weed-removal-irl/wombat/ros2_ws/src/wombat_host' with build type 'ament_python'
[0.340s] Level 1:colcon.colcon_core.shell:create_environment_hook('wombat_host', 'ament_prefix_path')
[0.340s] INFO:colcon.colcon_core.shell:Creating environment hook '/home/aimen/weed-removal-irl/install/wombat_host/share/wombat_host/hook/ament_prefix_path.ps1'
[0.341s] INFO:colcon.colcon_core.shell:Creating environment descriptor '/home/aimen/weed-removal-irl/install/wombat_host/share/wombat_host/hook/ament_prefix_path.dsv'
[0.341s] INFO:colcon.colcon_core.shell:Creating environment hook '/home/aimen/weed-removal-irl/install/wombat_host/share/wombat_host/hook/ament_prefix_path.sh'
[0.342s] INFO:colcon.colcon_core.shell:Skip shell extension 'powershell' for command environment: Not usable outside of PowerShell
[0.342s] DEBUG:colcon.colcon_core.shell:Skip shell extension 'dsv' for command environment
[0.342s] INFO:colcon.colcon_ros.task.ament_python.build:Building ROS package in '/home/aimen/weed-removal-irl/wombat/ros2_ws/src/wombat_launch' with build type 'ament_python'
[0.343s] Level 1:colcon.colcon_core.shell:create_environment_hook('wombat_launch', 'ament_prefix_path')
[0.343s] INFO:colcon.colcon_core.shell:Creating environment hook '/home/aimen/weed-removal-irl/install/wombat_launch/share/wombat_launch/hook/ament_prefix_path.ps1'
[0.343s] INFO:colcon.colcon_core.shell:Creating environment descriptor '/home/aimen/weed-removal-irl/install/wombat_launch/share/wombat_launch/hook/ament_prefix_path.dsv'
[0.343s] INFO:colcon.colcon_core.shell:Creating environment hook '/home/aimen/weed-removal-irl/install/wombat_launch/share/wombat_launch/hook/ament_prefix_path.sh'
[0.344s] INFO:colcon.colcon_core.shell:Skip shell extension 'powershell' for command environment: Not usable outside of PowerShell
[0.344s] DEBUG:colcon.colcon_core.shell:Skip shell extension 'dsv' for command environment
[0.346s] DEBUG:colcon.colcon_core.event_handler.log_command:Invoking command in '/home/aimen/weed-removal-irl/build/wombat_msgs': /usr/bin/cmake /home/aimen/weed-removal-irl/wombat/ros2_ws/src/wombat_msgs -DCMAKE_INSTALL_PREFIX=/home/aimen/weed-removal-irl/install/wombat_msgs
[0.350s] DEBUG:colcon.colcon_core.event_handler.log_command:Invoking command in '/home/aimen/weed-removal-irl/build/i2c-command-test-stm32': /usr/bin/cmake /home/aimen/weed-removal-irl/wombat/i2c-command-test-stm32 -DCMAKE_INSTALL_PREFIX=/home/aimen/weed-removal-irl/install/i2c-command-test-stm32
[0.351s] DEBUG:colcon.colcon_core.event_handler.log_command:Invoking command in '/home/aimen/weed-removal-irl/build/stm32-motor-speed-control': /usr/bin/cmake /home/aimen/weed-removal-irl/wombat/stm32-motor-speed-control -DCMAKE_INSTALL_PREFIX=/home/aimen/weed-removal-irl/install/stm32-motor-speed-control
[0.561s] INFO:colcon.colcon_core.task.python.build:Building Python package in '/home/aimen/weed-removal-irl/wombat/ros2_ws/src/wombat_host'
[0.561s] INFO:colcon.colcon_core.shell:Skip shell extension 'powershell' for command environment: Not usable outside of PowerShell
[0.561s] DEBUG:colcon.colcon_core.shell:Skip shell extension 'dsv' for command environment
[0.739s] INFO:colcon.colcon_core.task.python.build:Building Python package in '/home/aimen/weed-removal-irl/wombat/ros2_ws/src/wombat_launch'
[0.739s] INFO:colcon.colcon_core.shell:Skip shell extension 'powershell' for command environment: Not usable outside of PowerShell
[0.739s] DEBUG:colcon.colcon_core.shell:Skip shell extension 'dsv' for command environment
[0.743s] DEBUG:colcon.colcon_core.event_handler.log_command:Invoked command in '/home/aimen/weed-removal-irl/build/stm32-motor-speed-control' returned '1': /usr/bin/cmake /home/aimen/weed-removal-irl/wombat/stm32-motor-speed-control -DCMAKE_INSTALL_PREFIX=/home/aimen/weed-removal-irl/install/stm32-motor-speed-control
[0.745s] DEBUG:colcon.colcon_core.event_handler.log_command:Invoked command in '/home/aimen/weed-removal-irl/build/i2c-command-test-stm32' returned '1': /usr/bin/cmake /home/aimen/weed-removal-irl/wombat/i2c-command-test-stm32 -DCMAKE_INSTALL_PREFIX=/home/aimen/weed-removal-irl/install/i2c-command-test-stm32
[0.757s] DEBUG:colcon.colcon_parallel_executor.executor.parallel:closing loop
[0.757s] DEBUG:colcon.colcon_parallel_executor.executor.parallel:loop closed
[0.757s] DEBUG:colcon.colcon_parallel_executor.executor.parallel:run_until_complete finished with '1'
[0.757s] DEBUG:colcon.colcon_core.event_reactor:joining thread
[0.762s] INFO:colcon.colcon_core.plugin_system:Skipping extension 'colcon_notification.desktop_notification.terminal_notifier': Not used on non-Darwin systems
[0.762s] INFO:colcon.colcon_core.plugin_system:Skipping extension 'colcon_notification.desktop_notification.win32': Not used on non-Windows systems
[0.762s] INFO:colcon.colcon_notification.desktop_notification:Sending desktop notification using 'notify2'
[0.779s] DEBUG:colcon.colcon_core.event_reactor:joined thread
[0.780s] INFO:colcon.colcon_core.shell:Creating prefix script '/home/aimen/weed-removal-irl/install/local_setup.ps1'
[0.782s] INFO:colcon.colcon_core.shell:Creating prefix util module '/home/aimen/weed-removal-irl/install/_local_setup_util_ps1.py'
[0.784s] INFO:colcon.colcon_core.shell:Creating prefix chain script '/home/aimen/weed-removal-irl/install/setup.ps1'
[0.785s] INFO:colcon.colcon_core.shell:Creating prefix script '/home/aimen/weed-removal-irl/install/local_setup.sh'
[0.786s] INFO:colcon.colcon_core.shell:Creating prefix util module '/home/aimen/weed-removal-irl/install/_local_setup_util_sh.py'
[0.786s] INFO:colcon.colcon_core.shell:Creating prefix chain script '/home/aimen/weed-removal-irl/install/setup.sh'
[0.788s] INFO:colcon.colcon_core.shell:Creating prefix script '/home/aimen/weed-removal-irl/install/local_setup.bash'
[0.788s] INFO:colcon.colcon_core.shell:Creating prefix chain script '/home/aimen/weed-removal-irl/install/setup.bash'
[0.789s] INFO:colcon.colcon_core.shell:Creating prefix script '/home/aimen/weed-removal-irl/install/local_setup.zsh'
[0.790s] INFO:colcon.colcon_core.shell:Creating prefix chain script '/home/aimen/weed-removal-irl/install/setup.zsh'
