[0.118s] DEBUG:colcon:Command line arguments: ['/usr/bin/colcon', 'build', '--packages-select', 'wombat/ros2_ws/src/wombat_nav/wombat_nav']
[0.118s] DEBUG:colcon:Parsed command line arguments: Namespace(log_base=None, log_level=None, verb_name='build', build_base='build', install_base='install', merge_install=False, symlink_install=False, test_result_base=None, continue_on_error=False, executor='parallel', parallel_workers=20, event_handlers=None, ignore_user_meta=False, metas=['./colcon.meta'], base_paths=['.'], packages_ignore=None, packages_ignore_regex=None, paths=None, packages_up_to=None, packages_up_to_regex=None, packages_above=None, packages_above_and_dependencies=None, packages_above_depth=None, packages_select_by_dep=None, packages_skip_by_dep=None, packages_skip_up_to=None, packages_select_build_failed=False, packages_skip_build_finished=False, packages_select_test_failures=False, packages_skip_test_passed=False, packages_select=['wombat/ros2_ws/src/wombat_nav/wombat_nav'], packages_skip=None, packages_select_regex=None, packages_skip_regex=None, packages_start=None, packages_end=None, allow_overriding=[], cmake_args=None, cmake_target=None, cmake_target_skip_unavailable=False, cmake_clean_cache=False, cmake_clean_first=False, cmake_force_configure=False, ament_cmake_args=None, catkin_cmake_args=None, catkin_skip_building_tests=False, mixin_files=None, mixin=None, verb_parser=<colcon_mixin.mixin.mixin_argument.MixinArgumentDecorator object at 0x7f1d08c40cd0>, verb_extension=<colcon_core.verb.build.BuildVerb object at 0x7f1d08db5960>, main=<bound method BuildVerb.main of <colcon_core.verb.build.BuildVerb object at 0x7f1d08db5960>>, mixin_verb=('build',))
[0.256s] Level 1:colcon.colcon_core.package_discovery:discover_packages(colcon_meta) check parameters
[0.256s] Level 1:colcon.colcon_core.package_discovery:discover_packages(recursive) check parameters
[0.256s] Level 1:colcon.colcon_core.package_discovery:discover_packages(ignore) check parameters
[0.256s] Level 1:colcon.colcon_core.package_discovery:discover_packages(path) check parameters
[0.256s] Level 1:colcon.colcon_core.package_discovery:discover_packages(colcon_meta) discover
[0.256s] Level 1:colcon.colcon_core.package_discovery:discover_packages(recursive) discover
[0.256s] INFO:colcon.colcon_core.package_discovery:Crawling recursively for packages in '/home/aimen/weed-removal-irl'
[0.256s] Level 1:colcon.colcon_core.package_identification:_identify(.) by extensions ['ignore', 'ignore_ament_install']
[0.257s] Level 1:colcon.colcon_core.package_identification:_identify(.) by extension 'ignore'
[0.257s] Level 1:colcon.colcon_core.package_identification:_identify(.) by extension 'ignore_ament_install'
[0.257s] Level 1:colcon.colcon_core.package_identification:_identify(.) by extensions ['colcon_pkg']
[0.257s] Level 1:colcon.colcon_core.package_identification:_identify(.) by extension 'colcon_pkg'
[0.257s] Level 1:colcon.colcon_core.package_identification:_identify(.) by extensions ['colcon_meta']
[0.257s] Level 1:colcon.colcon_core.package_identification:_identify(.) by extension 'colcon_meta'
[0.257s] Level 1:colcon.colcon_core.package_identification:_identify(.) by extensions ['ros']
[0.257s] Level 1:colcon.colcon_core.package_identification:_identify(.) by extension 'ros'
[0.264s] Level 1:colcon.colcon_core.package_identification:_identify(.) by extensions ['cmake', 'python']
[0.264s] Level 1:colcon.colcon_core.package_identification:_identify(.) by extension 'cmake'
[0.264s] Level 1:colcon.colcon_core.package_identification:_identify(.) by extension 'python'
[0.264s] Level 1:colcon.colcon_core.package_identification:_identify(.) by extensions ['python_setup_py']
[0.264s] Level 1:colcon.colcon_core.package_identification:_identify(.) by extension 'python_setup_py'
[0.264s] Level 1:colcon.colcon_core.package_identification:_identify(build) by extensions ['ignore', 'ignore_ament_install']
[0.264s] Level 1:colcon.colcon_core.package_identification:_identify(build) by extension 'ignore'
[0.264s] Level 1:colcon.colcon_core.package_identification:_identify(build) ignored
[0.265s] Level 1:colcon.colcon_core.package_identification:_identify(install) by extensions ['ignore', 'ignore_ament_install']
[0.265s] Level 1:colcon.colcon_core.package_identification:_identify(install) by extension 'ignore'
[0.265s] Level 1:colcon.colcon_core.package_identification:_identify(install) ignored
[0.265s] Level 1:colcon.colcon_core.package_identification:_identify(log) by extensions ['ignore', 'ignore_ament_install']
[0.265s] Level 1:colcon.colcon_core.package_identification:_identify(log) by extension 'ignore'
[0.265s] Level 1:colcon.colcon_core.package_identification:_identify(log) ignored
[0.265s] Level 1:colcon.colcon_core.package_identification:_identify(meercat) by extensions ['ignore', 'ignore_ament_install']
[0.265s] Level 1:colcon.colcon_core.package_identification:_identify(meercat) by extension 'ignore'
[0.265s] Level 1:colcon.colcon_core.package_identification:_identify(meercat) by extension 'ignore_ament_install'
[0.265s] Level 1:colcon.colcon_core.package_identification:_identify(meercat) by extensions ['colcon_pkg']
[0.265s] Level 1:colcon.colcon_core.package_identification:_identify(meercat) by extension 'colcon_pkg'
[0.265s] Level 1:colcon.colcon_core.package_identification:_identify(meercat) by extensions ['colcon_meta']
[0.265s] Level 1:colcon.colcon_core.package_identification:_identify(meercat) by extension 'colcon_meta'
[0.265s] Level 1:colcon.colcon_core.package_identification:_identify(meercat) by extensions ['ros']
[0.265s] Level 1:colcon.colcon_core.package_identification:_identify(meercat) by extension 'ros'
[0.265s] Level 1:colcon.colcon_core.package_identification:_identify(meercat) by extensions ['cmake', 'python']
[0.265s] Level 1:colcon.colcon_core.package_identification:_identify(meercat) by extension 'cmake'
[0.265s] Level 1:colcon.colcon_core.package_identification:_identify(meercat) by extension 'python'
[0.265s] Level 1:colcon.colcon_core.package_identification:_identify(meercat) by extensions ['python_setup_py']
[0.265s] Level 1:colcon.colcon_core.package_identification:_identify(meercat) by extension 'python_setup_py'
[0.265s] Level 1:colcon.colcon_core.package_identification:_identify(meercat/meercat-rpi) by extensions ['ignore', 'ignore_ament_install']
[0.265s] Level 1:colcon.colcon_core.package_identification:_identify(meercat/meercat-rpi) by extension 'ignore'
[0.265s] Level 1:colcon.colcon_core.package_identification:_identify(meercat/meercat-rpi) by extension 'ignore_ament_install'
[0.265s] Level 1:colcon.colcon_core.package_identification:_identify(meercat/meercat-rpi) by extensions ['colcon_pkg']
[0.265s] Level 1:colcon.colcon_core.package_identification:_identify(meercat/meercat-rpi) by extension 'colcon_pkg'
[0.265s] Level 1:colcon.colcon_core.package_identification:_identify(meercat/meercat-rpi) by extensions ['colcon_meta']
[0.265s] Level 1:colcon.colcon_core.package_identification:_identify(meercat/meercat-rpi) by extension 'colcon_meta'
[0.265s] Level 1:colcon.colcon_core.package_identification:_identify(meercat/meercat-rpi) by extensions ['ros']
[0.265s] Level 1:colcon.colcon_core.package_identification:_identify(meercat/meercat-rpi) by extension 'ros'
[0.265s] Level 1:colcon.colcon_core.package_identification:_identify(meercat/meercat-rpi) by extensions ['cmake', 'python']
[0.265s] Level 1:colcon.colcon_core.package_identification:_identify(meercat/meercat-rpi) by extension 'cmake'
[0.265s] Level 1:colcon.colcon_core.package_identification:_identify(meercat/meercat-rpi) by extension 'python'
[0.265s] Level 1:colcon.colcon_core.package_identification:_identify(meercat/meercat-rpi) by extensions ['python_setup_py']
[0.265s] Level 1:colcon.colcon_core.package_identification:_identify(meercat/meercat-rpi) by extension 'python_setup_py'
[0.265s] Level 1:colcon.colcon_core.package_identification:_identify(meercat/meercat-rpi/app) by extensions ['ignore', 'ignore_ament_install']
[0.265s] Level 1:colcon.colcon_core.package_identification:_identify(meercat/meercat-rpi/app) by extension 'ignore'
[0.265s] Level 1:colcon.colcon_core.package_identification:_identify(meercat/meercat-rpi/app) by extension 'ignore_ament_install'
[0.266s] Level 1:colcon.colcon_core.package_identification:_identify(meercat/meercat-rpi/app) by extensions ['colcon_pkg']
[0.266s] Level 1:colcon.colcon_core.package_identification:_identify(meercat/meercat-rpi/app) by extension 'colcon_pkg'
[0.266s] Level 1:colcon.colcon_core.package_identification:_identify(meercat/meercat-rpi/app) by extensions ['colcon_meta']
[0.266s] Level 1:colcon.colcon_core.package_identification:_identify(meercat/meercat-rpi/app) by extension 'colcon_meta'
[0.266s] Level 1:colcon.colcon_core.package_identification:_identify(meercat/meercat-rpi/app) by extensions ['ros']
[0.266s] Level 1:colcon.colcon_core.package_identification:_identify(meercat/meercat-rpi/app) by extension 'ros'
[0.266s] Level 1:colcon.colcon_core.package_identification:_identify(meercat/meercat-rpi/app) by extensions ['cmake', 'python']
[0.266s] Level 1:colcon.colcon_core.package_identification:_identify(meercat/meercat-rpi/app) by extension 'cmake'
[0.266s] Level 1:colcon.colcon_core.package_identification:_identify(meercat/meercat-rpi/app) by extension 'python'
[0.266s] Level 1:colcon.colcon_core.package_identification:_identify(meercat/meercat-rpi/app) by extensions ['python_setup_py']
[0.266s] Level 1:colcon.colcon_core.package_identification:_identify(meercat/meercat-rpi/app) by extension 'python_setup_py'
[0.266s] Level 1:colcon.colcon_core.package_identification:_identify(meercat/meercat-rpi/app/src) by extensions ['ignore', 'ignore_ament_install']
[0.266s] Level 1:colcon.colcon_core.package_identification:_identify(meercat/meercat-rpi/app/src) by extension 'ignore'
[0.266s] Level 1:colcon.colcon_core.package_identification:_identify(meercat/meercat-rpi/app/src) by extension 'ignore_ament_install'
[0.266s] Level 1:colcon.colcon_core.package_identification:_identify(meercat/meercat-rpi/app/src) by extensions ['colcon_pkg']
[0.266s] Level 1:colcon.colcon_core.package_identification:_identify(meercat/meercat-rpi/app/src) by extension 'colcon_pkg'
[0.266s] Level 1:colcon.colcon_core.package_identification:_identify(meercat/meercat-rpi/app/src) by extensions ['colcon_meta']
[0.266s] Level 1:colcon.colcon_core.package_identification:_identify(meercat/meercat-rpi/app/src) by extension 'colcon_meta'
[0.266s] Level 1:colcon.colcon_core.package_identification:_identify(meercat/meercat-rpi/app/src) by extensions ['ros']
[0.266s] Level 1:colcon.colcon_core.package_identification:_identify(meercat/meercat-rpi/app/src) by extension 'ros'
[0.266s] Level 1:colcon.colcon_core.package_identification:_identify(meercat/meercat-rpi/app/src) by extensions ['cmake', 'python']
[0.266s] Level 1:colcon.colcon_core.package_identification:_identify(meercat/meercat-rpi/app/src) by extension 'cmake'
[0.266s] Level 1:colcon.colcon_core.package_identification:_identify(meercat/meercat-rpi/app/src) by extension 'python'
[0.266s] Level 1:colcon.colcon_core.package_identification:_identify(meercat/meercat-rpi/app/src) by extensions ['python_setup_py']
[0.266s] Level 1:colcon.colcon_core.package_identification:_identify(meercat/meercat-rpi/app/src) by extension 'python_setup_py'
[0.266s] Level 1:colcon.colcon_core.package_identification:_identify(meercat/meercat-rpi/app/src/proto) by extensions ['ignore', 'ignore_ament_install']
[0.266s] Level 1:colcon.colcon_core.package_identification:_identify(meercat/meercat-rpi/app/src/proto) by extension 'ignore'
[0.266s] Level 1:colcon.colcon_core.package_identification:_identify(meercat/meercat-rpi/app/src/proto) by extension 'ignore_ament_install'
[0.266s] Level 1:colcon.colcon_core.package_identification:_identify(meercat/meercat-rpi/app/src/proto) by extensions ['colcon_pkg']
[0.266s] Level 1:colcon.colcon_core.package_identification:_identify(meercat/meercat-rpi/app/src/proto) by extension 'colcon_pkg'
[0.266s] Level 1:colcon.colcon_core.package_identification:_identify(meercat/meercat-rpi/app/src/proto) by extensions ['colcon_meta']
[0.266s] Level 1:colcon.colcon_core.package_identification:_identify(meercat/meercat-rpi/app/src/proto) by extension 'colcon_meta'
[0.266s] Level 1:colcon.colcon_core.package_identification:_identify(meercat/meercat-rpi/app/src/proto) by extensions ['ros']
[0.266s] Level 1:colcon.colcon_core.package_identification:_identify(meercat/meercat-rpi/app/src/proto) by extension 'ros'
[0.266s] Level 1:colcon.colcon_core.package_identification:_identify(meercat/meercat-rpi/app/src/proto) by extensions ['cmake', 'python']
[0.266s] Level 1:colcon.colcon_core.package_identification:_identify(meercat/meercat-rpi/app/src/proto) by extension 'cmake'
[0.266s] Level 1:colcon.colcon_core.package_identification:_identify(meercat/meercat-rpi/app/src/proto) by extension 'python'
[0.266s] Level 1:colcon.colcon_core.package_identification:_identify(meercat/meercat-rpi/app/src/proto) by extensions ['python_setup_py']
[0.266s] Level 1:colcon.colcon_core.package_identification:_identify(meercat/meercat-rpi/app/src/proto) by extension 'python_setup_py'
[0.266s] Level 1:colcon.colcon_core.package_identification:_identify(meercat/meercat-rpi/app/src/proto/map_generation) by extensions ['ignore', 'ignore_ament_install']
[0.267s] Level 1:colcon.colcon_core.package_identification:_identify(meercat/meercat-rpi/app/src/proto/map_generation) by extension 'ignore'
[0.267s] Level 1:colcon.colcon_core.package_identification:_identify(meercat/meercat-rpi/app/src/proto/map_generation) by extension 'ignore_ament_install'
[0.267s] Level 1:colcon.colcon_core.package_identification:_identify(meercat/meercat-rpi/app/src/proto/map_generation) by extensions ['colcon_pkg']
[0.267s] Level 1:colcon.colcon_core.package_identification:_identify(meercat/meercat-rpi/app/src/proto/map_generation) by extension 'colcon_pkg'
[0.267s] Level 1:colcon.colcon_core.package_identification:_identify(meercat/meercat-rpi/app/src/proto/map_generation) by extensions ['colcon_meta']
[0.267s] Level 1:colcon.colcon_core.package_identification:_identify(meercat/meercat-rpi/app/src/proto/map_generation) by extension 'colcon_meta'
[0.267s] Level 1:colcon.colcon_core.package_identification:_identify(meercat/meercat-rpi/app/src/proto/map_generation) by extensions ['ros']
[0.267s] Level 1:colcon.colcon_core.package_identification:_identify(meercat/meercat-rpi/app/src/proto/map_generation) by extension 'ros'
[0.267s] Level 1:colcon.colcon_core.package_identification:_identify(meercat/meercat-rpi/app/src/proto/map_generation) by extensions ['cmake', 'python']
[0.267s] Level 1:colcon.colcon_core.package_identification:_identify(meercat/meercat-rpi/app/src/proto/map_generation) by extension 'cmake'
[0.267s] Level 1:colcon.colcon_core.package_identification:_identify(meercat/meercat-rpi/app/src/proto/map_generation) by extension 'python'
[0.267s] Level 1:colcon.colcon_core.package_identification:_identify(meercat/meercat-rpi/app/src/proto/map_generation) by extensions ['python_setup_py']
[0.267s] Level 1:colcon.colcon_core.package_identification:_identify(meercat/meercat-rpi/app/src/proto/map_generation) by extension 'python_setup_py'
[0.267s] Level 1:colcon.colcon_core.package_identification:_identify(meercat/meercat-rpi/app/src/proto/sensor_data) by extensions ['ignore', 'ignore_ament_install']
[0.267s] Level 1:colcon.colcon_core.package_identification:_identify(meercat/meercat-rpi/app/src/proto/sensor_data) by extension 'ignore'
[0.267s] Level 1:colcon.colcon_core.package_identification:_identify(meercat/meercat-rpi/app/src/proto/sensor_data) by extension 'ignore_ament_install'
[0.267s] Level 1:colcon.colcon_core.package_identification:_identify(meercat/meercat-rpi/app/src/proto/sensor_data) by extensions ['colcon_pkg']
[0.267s] Level 1:colcon.colcon_core.package_identification:_identify(meercat/meercat-rpi/app/src/proto/sensor_data) by extension 'colcon_pkg'
[0.267s] Level 1:colcon.colcon_core.package_identification:_identify(meercat/meercat-rpi/app/src/proto/sensor_data) by extensions ['colcon_meta']
[0.267s] Level 1:colcon.colcon_core.package_identification:_identify(meercat/meercat-rpi/app/src/proto/sensor_data) by extension 'colcon_meta'
[0.267s] Level 1:colcon.colcon_core.package_identification:_identify(meercat/meercat-rpi/app/src/proto/sensor_data) by extensions ['ros']
[0.267s] Level 1:colcon.colcon_core.package_identification:_identify(meercat/meercat-rpi/app/src/proto/sensor_data) by extension 'ros'
[0.267s] Level 1:colcon.colcon_core.package_identification:_identify(meercat/meercat-rpi/app/src/proto/sensor_data) by extensions ['cmake', 'python']
[0.267s] Level 1:colcon.colcon_core.package_identification:_identify(meercat/meercat-rpi/app/src/proto/sensor_data) by extension 'cmake'
[0.267s] Level 1:colcon.colcon_core.package_identification:_identify(meercat/meercat-rpi/app/src/proto/sensor_data) by extension 'python'
[0.267s] Level 1:colcon.colcon_core.package_identification:_identify(meercat/meercat-rpi/app/src/proto/sensor_data) by extensions ['python_setup_py']
[0.267s] Level 1:colcon.colcon_core.package_identification:_identify(meercat/meercat-rpi/app/src/proto/sensor_data) by extension 'python_setup_py'
[0.267s] Level 1:colcon.colcon_core.package_identification:_identify(meercat/meercat-rpi/app/src/proto/wombat_interchange) by extensions ['ignore', 'ignore_ament_install']
[0.267s] Level 1:colcon.colcon_core.package_identification:_identify(meercat/meercat-rpi/app/src/proto/wombat_interchange) by extension 'ignore'
[0.267s] Level 1:colcon.colcon_core.package_identification:_identify(meercat/meercat-rpi/app/src/proto/wombat_interchange) by extension 'ignore_ament_install'
[0.267s] Level 1:colcon.colcon_core.package_identification:_identify(meercat/meercat-rpi/app/src/proto/wombat_interchange) by extensions ['colcon_pkg']
[0.267s] Level 1:colcon.colcon_core.package_identification:_identify(meercat/meercat-rpi/app/src/proto/wombat_interchange) by extension 'colcon_pkg'
[0.267s] Level 1:colcon.colcon_core.package_identification:_identify(meercat/meercat-rpi/app/src/proto/wombat_interchange) by extensions ['colcon_meta']
[0.267s] Level 1:colcon.colcon_core.package_identification:_identify(meercat/meercat-rpi/app/src/proto/wombat_interchange) by extension 'colcon_meta'
[0.267s] Level 1:colcon.colcon_core.package_identification:_identify(meercat/meercat-rpi/app/src/proto/wombat_interchange) by extensions ['ros']
[0.267s] Level 1:colcon.colcon_core.package_identification:_identify(meercat/meercat-rpi/app/src/proto/wombat_interchange) by extension 'ros'
[0.267s] Level 1:colcon.colcon_core.package_identification:_identify(meercat/meercat-rpi/app/src/proto/wombat_interchange) by extensions ['cmake', 'python']
[0.267s] Level 1:colcon.colcon_core.package_identification:_identify(meercat/meercat-rpi/app/src/proto/wombat_interchange) by extension 'cmake'
[0.267s] Level 1:colcon.colcon_core.package_identification:_identify(meercat/meercat-rpi/app/src/proto/wombat_interchange) by extension 'python'
[0.267s] Level 1:colcon.colcon_core.package_identification:_identify(meercat/meercat-rpi/app/src/proto/wombat_interchange) by extensions ['python_setup_py']
[0.267s] Level 1:colcon.colcon_core.package_identification:_identify(meercat/meercat-rpi/app/src/proto/wombat_interchange) by extension 'python_setup_py'
[0.268s] Level 1:colcon.colcon_core.package_identification:_identify(meercat/meercat-rpi/app/src/tests) by extensions ['ignore', 'ignore_ament_install']
[0.268s] Level 1:colcon.colcon_core.package_identification:_identify(meercat/meercat-rpi/app/src/tests) by extension 'ignore'
[0.268s] Level 1:colcon.colcon_core.package_identification:_identify(meercat/meercat-rpi/app/src/tests) by extension 'ignore_ament_install'
[0.268s] Level 1:colcon.colcon_core.package_identification:_identify(meercat/meercat-rpi/app/src/tests) by extensions ['colcon_pkg']
[0.268s] Level 1:colcon.colcon_core.package_identification:_identify(meercat/meercat-rpi/app/src/tests) by extension 'colcon_pkg'
[0.268s] Level 1:colcon.colcon_core.package_identification:_identify(meercat/meercat-rpi/app/src/tests) by extensions ['colcon_meta']
[0.268s] Level 1:colcon.colcon_core.package_identification:_identify(meercat/meercat-rpi/app/src/tests) by extension 'colcon_meta'
[0.268s] Level 1:colcon.colcon_core.package_identification:_identify(meercat/meercat-rpi/app/src/tests) by extensions ['ros']
[0.268s] Level 1:colcon.colcon_core.package_identification:_identify(meercat/meercat-rpi/app/src/tests) by extension 'ros'
[0.268s] Level 1:colcon.colcon_core.package_identification:_identify(meercat/meercat-rpi/app/src/tests) by extensions ['cmake', 'python']
[0.268s] Level 1:colcon.colcon_core.package_identification:_identify(meercat/meercat-rpi/app/src/tests) by extension 'cmake'
[0.268s] Level 1:colcon.colcon_core.package_identification:_identify(meercat/meercat-rpi/app/src/tests) by extension 'python'
[0.268s] Level 1:colcon.colcon_core.package_identification:_identify(meercat/meercat-rpi/app/src/tests) by extensions ['python_setup_py']
[0.268s] Level 1:colcon.colcon_core.package_identification:_identify(meercat/meercat-rpi/app/src/tests) by extension 'python_setup_py'
[0.268s] Level 1:colcon.colcon_core.package_identification:_identify(meercat/meercat-rpi/proto) by extensions ['ignore', 'ignore_ament_install']
[0.268s] Level 1:colcon.colcon_core.package_identification:_identify(meercat/meercat-rpi/proto) by extension 'ignore'
[0.268s] Level 1:colcon.colcon_core.package_identification:_identify(meercat/meercat-rpi/proto) by extension 'ignore_ament_install'
[0.268s] Level 1:colcon.colcon_core.package_identification:_identify(meercat/meercat-rpi/proto) by extensions ['colcon_pkg']
[0.268s] Level 1:colcon.colcon_core.package_identification:_identify(meercat/meercat-rpi/proto) by extension 'colcon_pkg'
[0.268s] Level 1:colcon.colcon_core.package_identification:_identify(meercat/meercat-rpi/proto) by extensions ['colcon_meta']
[0.268s] Level 1:colcon.colcon_core.package_identification:_identify(meercat/meercat-rpi/proto) by extension 'colcon_meta'
[0.268s] Level 1:colcon.colcon_core.package_identification:_identify(meercat/meercat-rpi/proto) by extensions ['ros']
[0.268s] Level 1:colcon.colcon_core.package_identification:_identify(meercat/meercat-rpi/proto) by extension 'ros'
[0.268s] Level 1:colcon.colcon_core.package_identification:_identify(meercat/meercat-rpi/proto) by extensions ['cmake', 'python']
[0.268s] Level 1:colcon.colcon_core.package_identification:_identify(meercat/meercat-rpi/proto) by extension 'cmake'
[0.268s] Level 1:colcon.colcon_core.package_identification:_identify(meercat/meercat-rpi/proto) by extension 'python'
[0.268s] Level 1:colcon.colcon_core.package_identification:_identify(meercat/meercat-rpi/proto) by extensions ['python_setup_py']
[0.268s] Level 1:colcon.colcon_core.package_identification:_identify(meercat/meercat-rpi/proto) by extension 'python_setup_py'
[0.268s] Level 1:colcon.colcon_core.package_identification:_identify(meercat/meercat-rpi/proto/map_generation) by extensions ['ignore', 'ignore_ament_install']
[0.268s] Level 1:colcon.colcon_core.package_identification:_identify(meercat/meercat-rpi/proto/map_generation) by extension 'ignore'
[0.268s] Level 1:colcon.colcon_core.package_identification:_identify(meercat/meercat-rpi/proto/map_generation) by extension 'ignore_ament_install'
[0.268s] Level 1:colcon.colcon_core.package_identification:_identify(meercat/meercat-rpi/proto/map_generation) by extensions ['colcon_pkg']
[0.268s] Level 1:colcon.colcon_core.package_identification:_identify(meercat/meercat-rpi/proto/map_generation) by extension 'colcon_pkg'
[0.268s] Level 1:colcon.colcon_core.package_identification:_identify(meercat/meercat-rpi/proto/map_generation) by extensions ['colcon_meta']
[0.268s] Level 1:colcon.colcon_core.package_identification:_identify(meercat/meercat-rpi/proto/map_generation) by extension 'colcon_meta'
[0.268s] Level 1:colcon.colcon_core.package_identification:_identify(meercat/meercat-rpi/proto/map_generation) by extensions ['ros']
[0.268s] Level 1:colcon.colcon_core.package_identification:_identify(meercat/meercat-rpi/proto/map_generation) by extension 'ros'
[0.268s] Level 1:colcon.colcon_core.package_identification:_identify(meercat/meercat-rpi/proto/map_generation) by extensions ['cmake', 'python']
[0.268s] Level 1:colcon.colcon_core.package_identification:_identify(meercat/meercat-rpi/proto/map_generation) by extension 'cmake'
[0.268s] Level 1:colcon.colcon_core.package_identification:_identify(meercat/meercat-rpi/proto/map_generation) by extension 'python'
[0.269s] Level 1:colcon.colcon_core.package_identification:_identify(meercat/meercat-rpi/proto/map_generation) by extensions ['python_setup_py']
[0.269s] Level 1:colcon.colcon_core.package_identification:_identify(meercat/meercat-rpi/proto/map_generation) by extension 'python_setup_py'
[0.269s] Level 1:colcon.colcon_core.package_identification:_identify(meercat/meercat-rpi/proto/sensor_data) by extensions ['ignore', 'ignore_ament_install']
[0.269s] Level 1:colcon.colcon_core.package_identification:_identify(meercat/meercat-rpi/proto/sensor_data) by extension 'ignore'
[0.269s] Level 1:colcon.colcon_core.package_identification:_identify(meercat/meercat-rpi/proto/sensor_data) by extension 'ignore_ament_install'
[0.269s] Level 1:colcon.colcon_core.package_identification:_identify(meercat/meercat-rpi/proto/sensor_data) by extensions ['colcon_pkg']
[0.269s] Level 1:colcon.colcon_core.package_identification:_identify(meercat/meercat-rpi/proto/sensor_data) by extension 'colcon_pkg'
[0.269s] Level 1:colcon.colcon_core.package_identification:_identify(meercat/meercat-rpi/proto/sensor_data) by extensions ['colcon_meta']
[0.269s] Level 1:colcon.colcon_core.package_identification:_identify(meercat/meercat-rpi/proto/sensor_data) by extension 'colcon_meta'
[0.269s] Level 1:colcon.colcon_core.package_identification:_identify(meercat/meercat-rpi/proto/sensor_data) by extensions ['ros']
[0.269s] Level 1:colcon.colcon_core.package_identification:_identify(meercat/meercat-rpi/proto/sensor_data) by extension 'ros'
[0.269s] Level 1:colcon.colcon_core.package_identification:_identify(meercat/meercat-rpi/proto/sensor_data) by extensions ['cmake', 'python']
[0.269s] Level 1:colcon.colcon_core.package_identification:_identify(meercat/meercat-rpi/proto/sensor_data) by extension 'cmake'
[0.269s] Level 1:colcon.colcon_core.package_identification:_identify(meercat/meercat-rpi/proto/sensor_data) by extension 'python'
[0.269s] Level 1:colcon.colcon_core.package_identification:_identify(meercat/meercat-rpi/proto/sensor_data) by extensions ['python_setup_py']
[0.269s] Level 1:colcon.colcon_core.package_identification:_identify(meercat/meercat-rpi/proto/sensor_data) by extension 'python_setup_py'
[0.269s] Level 1:colcon.colcon_core.package_identification:_identify(meercat/meercat-rpi/proto/wombat_interchange) by extensions ['ignore', 'ignore_ament_install']
[0.269s] Level 1:colcon.colcon_core.package_identification:_identify(meercat/meercat-rpi/proto/wombat_interchange) by extension 'ignore'
[0.269s] Level 1:colcon.colcon_core.package_identification:_identify(meercat/meercat-rpi/proto/wombat_interchange) by extension 'ignore_ament_install'
[0.269s] Level 1:colcon.colcon_core.package_identification:_identify(meercat/meercat-rpi/proto/wombat_interchange) by extensions ['colcon_pkg']
[0.269s] Level 1:colcon.colcon_core.package_identification:_identify(meercat/meercat-rpi/proto/wombat_interchange) by extension 'colcon_pkg'
[0.269s] Level 1:colcon.colcon_core.package_identification:_identify(meercat/meercat-rpi/proto/wombat_interchange) by extensions ['colcon_meta']
[0.269s] Level 1:colcon.colcon_core.package_identification:_identify(meercat/meercat-rpi/proto/wombat_interchange) by extension 'colcon_meta'
[0.269s] Level 1:colcon.colcon_core.package_identification:_identify(meercat/meercat-rpi/proto/wombat_interchange) by extensions ['ros']
[0.269s] Level 1:colcon.colcon_core.package_identification:_identify(meercat/meercat-rpi/proto/wombat_interchange) by extension 'ros'
[0.269s] Level 1:colcon.colcon_core.package_identification:_identify(meercat/meercat-rpi/proto/wombat_interchange) by extensions ['cmake', 'python']
[0.269s] Level 1:colcon.colcon_core.package_identification:_identify(meercat/meercat-rpi/proto/wombat_interchange) by extension 'cmake'
[0.269s] Level 1:colcon.colcon_core.package_identification:_identify(meercat/meercat-rpi/proto/wombat_interchange) by extension 'python'
[0.269s] Level 1:colcon.colcon_core.package_identification:_identify(meercat/meercat-rpi/proto/wombat_interchange) by extensions ['python_setup_py']
[0.269s] Level 1:colcon.colcon_core.package_identification:_identify(meercat/meercat-rpi/proto/wombat_interchange) by extension 'python_setup_py'
[0.269s] Level 1:colcon.colcon_core.package_identification:_identify(wombat) by extensions ['ignore', 'ignore_ament_install']
[0.269s] Level 1:colcon.colcon_core.package_identification:_identify(wombat) by extension 'ignore'
[0.269s] Level 1:colcon.colcon_core.package_identification:_identify(wombat) by extension 'ignore_ament_install'
[0.269s] Level 1:colcon.colcon_core.package_identification:_identify(wombat) by extensions ['colcon_pkg']
[0.269s] Level 1:colcon.colcon_core.package_identification:_identify(wombat) by extension 'colcon_pkg'
[0.269s] Level 1:colcon.colcon_core.package_identification:_identify(wombat) by extensions ['colcon_meta']
[0.269s] Level 1:colcon.colcon_core.package_identification:_identify(wombat) by extension 'colcon_meta'
[0.269s] Level 1:colcon.colcon_core.package_identification:_identify(wombat) by extensions ['ros']
[0.269s] Level 1:colcon.colcon_core.package_identification:_identify(wombat) by extension 'ros'
[0.270s] Level 1:colcon.colcon_core.package_identification:_identify(wombat) by extensions ['cmake', 'python']
[0.270s] Level 1:colcon.colcon_core.package_identification:_identify(wombat) by extension 'cmake'
[0.270s] Level 1:colcon.colcon_core.package_identification:_identify(wombat) by extension 'python'
[0.270s] Level 1:colcon.colcon_core.package_identification:_identify(wombat) by extensions ['python_setup_py']
[0.270s] Level 1:colcon.colcon_core.package_identification:_identify(wombat) by extension 'python_setup_py'
[0.270s] Level 1:colcon.colcon_core.package_identification:_identify(wombat/data-collection) by extensions ['ignore', 'ignore_ament_install']
[0.270s] Level 1:colcon.colcon_core.package_identification:_identify(wombat/data-collection) by extension 'ignore'
[0.270s] Level 1:colcon.colcon_core.package_identification:_identify(wombat/data-collection) by extension 'ignore_ament_install'
[0.270s] Level 1:colcon.colcon_core.package_identification:_identify(wombat/data-collection) by extensions ['colcon_pkg']
[0.270s] Level 1:colcon.colcon_core.package_identification:_identify(wombat/data-collection) by extension 'colcon_pkg'
[0.270s] Level 1:colcon.colcon_core.package_identification:_identify(wombat/data-collection) by extensions ['colcon_meta']
[0.270s] Level 1:colcon.colcon_core.package_identification:_identify(wombat/data-collection) by extension 'colcon_meta'
[0.270s] Level 1:colcon.colcon_core.package_identification:_identify(wombat/data-collection) by extensions ['ros']
[0.270s] Level 1:colcon.colcon_core.package_identification:_identify(wombat/data-collection) by extension 'ros'
[0.270s] Level 1:colcon.colcon_core.package_identification:_identify(wombat/data-collection) by extensions ['cmake', 'python']
[0.270s] Level 1:colcon.colcon_core.package_identification:_identify(wombat/data-collection) by extension 'cmake'
[0.270s] Level 1:colcon.colcon_core.package_identification:_identify(wombat/data-collection) by extension 'python'
[0.270s] Level 1:colcon.colcon_core.package_identification:_identify(wombat/data-collection) by extensions ['python_setup_py']
[0.270s] Level 1:colcon.colcon_core.package_identification:_identify(wombat/data-collection) by extension 'python_setup_py'
[0.270s] Level 1:colcon.colcon_core.package_identification:_identify(wombat/driver-tests) by extensions ['ignore', 'ignore_ament_install']
[0.270s] Level 1:colcon.colcon_core.package_identification:_identify(wombat/driver-tests) by extension 'ignore'
[0.270s] Level 1:colcon.colcon_core.package_identification:_identify(wombat/driver-tests) by extension 'ignore_ament_install'
[0.270s] Level 1:colcon.colcon_core.package_identification:_identify(wombat/driver-tests) by extensions ['colcon_pkg']
[0.270s] Level 1:colcon.colcon_core.package_identification:_identify(wombat/driver-tests) by extension 'colcon_pkg'
[0.270s] Level 1:colcon.colcon_core.package_identification:_identify(wombat/driver-tests) by extensions ['colcon_meta']
[0.270s] Level 1:colcon.colcon_core.package_identification:_identify(wombat/driver-tests) by extension 'colcon_meta'
[0.270s] Level 1:colcon.colcon_core.package_identification:_identify(wombat/driver-tests) by extensions ['ros']
[0.270s] Level 1:colcon.colcon_core.package_identification:_identify(wombat/driver-tests) by extension 'ros'
[0.270s] Level 1:colcon.colcon_core.package_identification:_identify(wombat/driver-tests) by extensions ['cmake', 'python']
[0.270s] Level 1:colcon.colcon_core.package_identification:_identify(wombat/driver-tests) by extension 'cmake'
[0.270s] Level 1:colcon.colcon_core.package_identification:_identify(wombat/driver-tests) by extension 'python'
[0.270s] Level 1:colcon.colcon_core.package_identification:_identify(wombat/driver-tests) by extensions ['python_setup_py']
[0.270s] Level 1:colcon.colcon_core.package_identification:_identify(wombat/driver-tests) by extension 'python_setup_py'
[0.270s] Level 1:colcon.colcon_core.package_identification:_identify(wombat/i2c-command-test-stm32) by extensions ['ignore', 'ignore_ament_install']
[0.270s] Level 1:colcon.colcon_core.package_identification:_identify(wombat/i2c-command-test-stm32) by extension 'ignore'
[0.270s] Level 1:colcon.colcon_core.package_identification:_identify(wombat/i2c-command-test-stm32) by extension 'ignore_ament_install'
[0.270s] Level 1:colcon.colcon_core.package_identification:_identify(wombat/i2c-command-test-stm32) by extensions ['colcon_pkg']
[0.270s] Level 1:colcon.colcon_core.package_identification:_identify(wombat/i2c-command-test-stm32) by extension 'colcon_pkg'
[0.270s] Level 1:colcon.colcon_core.package_identification:_identify(wombat/i2c-command-test-stm32) by extensions ['colcon_meta']
[0.270s] Level 1:colcon.colcon_core.package_identification:_identify(wombat/i2c-command-test-stm32) by extension 'colcon_meta'
[0.270s] Level 1:colcon.colcon_core.package_identification:_identify(wombat/i2c-command-test-stm32) by extensions ['ros']
[0.270s] Level 1:colcon.colcon_core.package_identification:_identify(wombat/i2c-command-test-stm32) by extension 'ros'
[0.271s] Level 1:colcon.colcon_core.package_identification:_identify(wombat/i2c-command-test-stm32) by extensions ['cmake', 'python']
[0.271s] Level 1:colcon.colcon_core.package_identification:_identify(wombat/i2c-command-test-stm32) by extension 'cmake'
[0.273s] Level 1:colcon.colcon_core.package_identification:_identify(wombat/i2c-command-test-stm32) by extension 'python'
[0.273s] DEBUG:colcon.colcon_core.package_identification:Package 'wombat/i2c-command-test-stm32' with type 'cmake' and name 'i2c-command-test-stm32'
[0.273s] Level 1:colcon.colcon_core.package_identification:_identify(wombat/ros2_ws) by extensions ['ignore', 'ignore_ament_install']
[0.273s] Level 1:colcon.colcon_core.package_identification:_identify(wombat/ros2_ws) by extension 'ignore'
[0.273s] Level 1:colcon.colcon_core.package_identification:_identify(wombat/ros2_ws) by extension 'ignore_ament_install'
[0.273s] Level 1:colcon.colcon_core.package_identification:_identify(wombat/ros2_ws) by extensions ['colcon_pkg']
[0.273s] Level 1:colcon.colcon_core.package_identification:_identify(wombat/ros2_ws) by extension 'colcon_pkg'
[0.273s] Level 1:colcon.colcon_core.package_identification:_identify(wombat/ros2_ws) by extensions ['colcon_meta']
[0.273s] Level 1:colcon.colcon_core.package_identification:_identify(wombat/ros2_ws) by extension 'colcon_meta'
[0.273s] Level 1:colcon.colcon_core.package_identification:_identify(wombat/ros2_ws) by extensions ['ros']
[0.273s] Level 1:colcon.colcon_core.package_identification:_identify(wombat/ros2_ws) by extension 'ros'
[0.273s] Level 1:colcon.colcon_core.package_identification:_identify(wombat/ros2_ws) by extensions ['cmake', 'python']
[0.273s] Level 1:colcon.colcon_core.package_identification:_identify(wombat/ros2_ws) by extension 'cmake'
[0.273s] Level 1:colcon.colcon_core.package_identification:_identify(wombat/ros2_ws) by extension 'python'
[0.273s] Level 1:colcon.colcon_core.package_identification:_identify(wombat/ros2_ws) by extensions ['python_setup_py']
[0.273s] Level 1:colcon.colcon_core.package_identification:_identify(wombat/ros2_ws) by extension 'python_setup_py'
[0.273s] Level 1:colcon.colcon_core.package_identification:_identify(wombat/ros2_ws/build) by extensions ['ignore', 'ignore_ament_install']
[0.273s] Level 1:colcon.colcon_core.package_identification:_identify(wombat/ros2_ws/build) by extension 'ignore'
[0.274s] Level 1:colcon.colcon_core.package_identification:_identify(wombat/ros2_ws/build) ignored
[0.274s] Level 1:colcon.colcon_core.package_identification:_identify(wombat/ros2_ws/install) by extensions ['ignore', 'ignore_ament_install']
[0.274s] Level 1:colcon.colcon_core.package_identification:_identify(wombat/ros2_ws/install) by extension 'ignore'
[0.274s] Level 1:colcon.colcon_core.package_identification:_identify(wombat/ros2_ws/install) ignored
[0.274s] Level 1:colcon.colcon_core.package_identification:_identify(wombat/ros2_ws/log) by extensions ['ignore', 'ignore_ament_install']
[0.274s] Level 1:colcon.colcon_core.package_identification:_identify(wombat/ros2_ws/log) by extension 'ignore'
[0.274s] Level 1:colcon.colcon_core.package_identification:_identify(wombat/ros2_ws/log) ignored
[0.274s] Level 1:colcon.colcon_core.package_identification:_identify(wombat/ros2_ws/src) by extensions ['ignore', 'ignore_ament_install']
[0.274s] Level 1:colcon.colcon_core.package_identification:_identify(wombat/ros2_ws/src) by extension 'ignore'
[0.274s] Level 1:colcon.colcon_core.package_identification:_identify(wombat/ros2_ws/src) by extension 'ignore_ament_install'
[0.274s] Level 1:colcon.colcon_core.package_identification:_identify(wombat/ros2_ws/src) by extensions ['colcon_pkg']
[0.274s] Level 1:colcon.colcon_core.package_identification:_identify(wombat/ros2_ws/src) by extension 'colcon_pkg'
[0.274s] Level 1:colcon.colcon_core.package_identification:_identify(wombat/ros2_ws/src) by extensions ['colcon_meta']
[0.274s] Level 1:colcon.colcon_core.package_identification:_identify(wombat/ros2_ws/src) by extension 'colcon_meta'
[0.274s] Level 1:colcon.colcon_core.package_identification:_identify(wombat/ros2_ws/src) by extensions ['ros']
[0.274s] Level 1:colcon.colcon_core.package_identification:_identify(wombat/ros2_ws/src) by extension 'ros'
[0.274s] Level 1:colcon.colcon_core.package_identification:_identify(wombat/ros2_ws/src) by extensions ['cmake', 'python']
[0.274s] Level 1:colcon.colcon_core.package_identification:_identify(wombat/ros2_ws/src) by extension 'cmake'
[0.274s] Level 1:colcon.colcon_core.package_identification:_identify(wombat/ros2_ws/src) by extension 'python'
[0.274s] Level 1:colcon.colcon_core.package_identification:_identify(wombat/ros2_ws/src) by extensions ['python_setup_py']
[0.274s] Level 1:colcon.colcon_core.package_identification:_identify(wombat/ros2_ws/src) by extension 'python_setup_py'
[0.274s] Level 1:colcon.colcon_core.package_identification:_identify(wombat/ros2_ws/src/wombat_drivers) by extensions ['ignore', 'ignore_ament_install']
[0.274s] Level 1:colcon.colcon_core.package_identification:_identify(wombat/ros2_ws/src/wombat_drivers) by extension 'ignore'
[0.274s] Level 1:colcon.colcon_core.package_identification:_identify(wombat/ros2_ws/src/wombat_drivers) by extension 'ignore_ament_install'
[0.275s] Level 1:colcon.colcon_core.package_identification:_identify(wombat/ros2_ws/src/wombat_drivers) by extensions ['colcon_pkg']
[0.275s] Level 1:colcon.colcon_core.package_identification:_identify(wombat/ros2_ws/src/wombat_drivers) by extension 'colcon_pkg'
[0.275s] Level 1:colcon.colcon_core.package_identification:_identify(wombat/ros2_ws/src/wombat_drivers) by extensions ['colcon_meta']
[0.275s] Level 1:colcon.colcon_core.package_identification:_identify(wombat/ros2_ws/src/wombat_drivers) by extension 'colcon_meta'
[0.275s] Level 1:colcon.colcon_core.package_identification:_identify(wombat/ros2_ws/src/wombat_drivers) by extensions ['ros']
[0.275s] Level 1:colcon.colcon_core.package_identification:_identify(wombat/ros2_ws/src/wombat_drivers) by extension 'ros'
[0.277s] DEBUG:colcon.colcon_core.package_identification:Package 'wombat/ros2_ws/src/wombat_drivers' with type 'ros.ament_python' and name 'wombat_drivers'
[0.277s] Level 1:colcon.colcon_core.package_identification:_identify(wombat/ros2_ws/src/wombat_host) by extensions ['ignore', 'ignore_ament_install']
[0.277s] Level 1:colcon.colcon_core.package_identification:_identify(wombat/ros2_ws/src/wombat_host) by extension 'ignore'
[0.277s] Level 1:colcon.colcon_core.package_identification:_identify(wombat/ros2_ws/src/wombat_host) by extension 'ignore_ament_install'
[0.278s] Level 1:colcon.colcon_core.package_identification:_identify(wombat/ros2_ws/src/wombat_host) by extensions ['colcon_pkg']
[0.278s] Level 1:colcon.colcon_core.package_identification:_identify(wombat/ros2_ws/src/wombat_host) by extension 'colcon_pkg'
[0.278s] Level 1:colcon.colcon_core.package_identification:_identify(wombat/ros2_ws/src/wombat_host) by extensions ['colcon_meta']
[0.278s] Level 1:colcon.colcon_core.package_identification:_identify(wombat/ros2_ws/src/wombat_host) by extension 'colcon_meta'
[0.278s] Level 1:colcon.colcon_core.package_identification:_identify(wombat/ros2_ws/src/wombat_host) by extensions ['ros']
[0.278s] Level 1:colcon.colcon_core.package_identification:_identify(wombat/ros2_ws/src/wombat_host) by extension 'ros'
[0.278s] DEBUG:colcon.colcon_core.package_identification:Package 'wombat/ros2_ws/src/wombat_host' with type 'ros.ament_python' and name 'wombat_host'
[0.278s] Level 1:colcon.colcon_core.package_identification:_identify(wombat/ros2_ws/src/wombat_launch) by extensions ['ignore', 'ignore_ament_install']
[0.278s] Level 1:colcon.colcon_core.package_identification:_identify(wombat/ros2_ws/src/wombat_launch) by extension 'ignore'
[0.278s] Level 1:colcon.colcon_core.package_identification:_identify(wombat/ros2_ws/src/wombat_launch) by extension 'ignore_ament_install'
[0.278s] Level 1:colcon.colcon_core.package_identification:_identify(wombat/ros2_ws/src/wombat_launch) by extensions ['colcon_pkg']
[0.278s] Level 1:colcon.colcon_core.package_identification:_identify(wombat/ros2_ws/src/wombat_launch) by extension 'colcon_pkg'
[0.278s] Level 1:colcon.colcon_core.package_identification:_identify(wombat/ros2_ws/src/wombat_launch) by extensions ['colcon_meta']
[0.278s] Level 1:colcon.colcon_core.package_identification:_identify(wombat/ros2_ws/src/wombat_launch) by extension 'colcon_meta'
[0.278s] Level 1:colcon.colcon_core.package_identification:_identify(wombat/ros2_ws/src/wombat_launch) by extensions ['ros']
[0.278s] Level 1:colcon.colcon_core.package_identification:_identify(wombat/ros2_ws/src/wombat_launch) by extension 'ros'
[0.279s] DEBUG:colcon.colcon_core.package_identification:Package 'wombat/ros2_ws/src/wombat_launch' with type 'ros.ament_python' and name 'wombat_launch'
[0.279s] Level 1:colcon.colcon_core.package_identification:_identify(wombat/ros2_ws/src/wombat_meercat_if) by extensions ['ignore', 'ignore_ament_install']
[0.279s] Level 1:colcon.colcon_core.package_identification:_identify(wombat/ros2_ws/src/wombat_meercat_if) by extension 'ignore'
[0.279s] Level 1:colcon.colcon_core.package_identification:_identify(wombat/ros2_ws/src/wombat_meercat_if) by extension 'ignore_ament_install'
[0.279s] Level 1:colcon.colcon_core.package_identification:_identify(wombat/ros2_ws/src/wombat_meercat_if) by extensions ['colcon_pkg']
[0.279s] Level 1:colcon.colcon_core.package_identification:_identify(wombat/ros2_ws/src/wombat_meercat_if) by extension 'colcon_pkg'
[0.279s] Level 1:colcon.colcon_core.package_identification:_identify(wombat/ros2_ws/src/wombat_meercat_if) by extensions ['colcon_meta']
[0.279s] Level 1:colcon.colcon_core.package_identification:_identify(wombat/ros2_ws/src/wombat_meercat_if) by extension 'colcon_meta'
[0.279s] Level 1:colcon.colcon_core.package_identification:_identify(wombat/ros2_ws/src/wombat_meercat_if) by extensions ['ros']
[0.279s] Level 1:colcon.colcon_core.package_identification:_identify(wombat/ros2_ws/src/wombat_meercat_if) by extension 'ros'
[0.280s] DEBUG:colcon.colcon_core.package_identification:Package 'wombat/ros2_ws/src/wombat_meercat_if' with type 'ros.ament_python' and name 'wombat_meercat_if'
[0.280s] Level 1:colcon.colcon_core.package_identification:_identify(wombat/ros2_ws/src/wombat_msgs) by extensions ['ignore', 'ignore_ament_install']
[0.280s] Level 1:colcon.colcon_core.package_identification:_identify(wombat/ros2_ws/src/wombat_msgs) by extension 'ignore'
[0.280s] Level 1:colcon.colcon_core.package_identification:_identify(wombat/ros2_ws/src/wombat_msgs) by extension 'ignore_ament_install'
[0.280s] Level 1:colcon.colcon_core.package_identification:_identify(wombat/ros2_ws/src/wombat_msgs) by extensions ['colcon_pkg']
[0.280s] Level 1:colcon.colcon_core.package_identification:_identify(wombat/ros2_ws/src/wombat_msgs) by extension 'colcon_pkg'
[0.280s] Level 1:colcon.colcon_core.package_identification:_identify(wombat/ros2_ws/src/wombat_msgs) by extensions ['colcon_meta']
[0.280s] Level 1:colcon.colcon_core.package_identification:_identify(wombat/ros2_ws/src/wombat_msgs) by extension 'colcon_meta'
[0.280s] Level 1:colcon.colcon_core.package_identification:_identify(wombat/ros2_ws/src/wombat_msgs) by extensions ['ros']
[0.280s] Level 1:colcon.colcon_core.package_identification:_identify(wombat/ros2_ws/src/wombat_msgs) by extension 'ros'
[0.285s] DEBUG:colcon.colcon_core.package_identification:Package 'wombat/ros2_ws/src/wombat_msgs' with type 'ros.ament_cmake' and name 'wombat_msgs'
[0.285s] Level 1:colcon.colcon_core.package_identification:_identify(wombat/ros2_ws/src/wombat_nav) by extensions ['ignore', 'ignore_ament_install']
[0.285s] Level 1:colcon.colcon_core.package_identification:_identify(wombat/ros2_ws/src/wombat_nav) by extension 'ignore'
[0.285s] Level 1:colcon.colcon_core.package_identification:_identify(wombat/ros2_ws/src/wombat_nav) by extension 'ignore_ament_install'
[0.285s] Level 1:colcon.colcon_core.package_identification:_identify(wombat/ros2_ws/src/wombat_nav) by extensions ['colcon_pkg']
[0.285s] Level 1:colcon.colcon_core.package_identification:_identify(wombat/ros2_ws/src/wombat_nav) by extension 'colcon_pkg'
[0.285s] Level 1:colcon.colcon_core.package_identification:_identify(wombat/ros2_ws/src/wombat_nav) by extensions ['colcon_meta']
[0.285s] Level 1:colcon.colcon_core.package_identification:_identify(wombat/ros2_ws/src/wombat_nav) by extension 'colcon_meta'
[0.285s] Level 1:colcon.colcon_core.package_identification:_identify(wombat/ros2_ws/src/wombat_nav) by extensions ['ros']
[0.285s] Level 1:colcon.colcon_core.package_identification:_identify(wombat/ros2_ws/src/wombat_nav) by extension 'ros'
[0.286s] DEBUG:colcon.colcon_core.package_identification:Package 'wombat/ros2_ws/src/wombat_nav' with type 'ros.ament_python' and name 'wombat_nav'
[0.286s] Level 1:colcon.colcon_core.package_identification:_identify(wombat/stm32-motor-speed-control) by extensions ['ignore', 'ignore_ament_install']
[0.286s] Level 1:colcon.colcon_core.package_identification:_identify(wombat/stm32-motor-speed-control) by extension 'ignore'
[0.286s] Level 1:colcon.colcon_core.package_identification:_identify(wombat/stm32-motor-speed-control) by extension 'ignore_ament_install'
[0.286s] Level 1:colcon.colcon_core.package_identification:_identify(wombat/stm32-motor-speed-control) by extensions ['colcon_pkg']
[0.286s] Level 1:colcon.colcon_core.package_identification:_identify(wombat/stm32-motor-speed-control) by extension 'colcon_pkg'
[0.286s] Level 1:colcon.colcon_core.package_identification:_identify(wombat/stm32-motor-speed-control) by extensions ['colcon_meta']
[0.286s] Level 1:colcon.colcon_core.package_identification:_identify(wombat/stm32-motor-speed-control) by extension 'colcon_meta'
[0.286s] Level 1:colcon.colcon_core.package_identification:_identify(wombat/stm32-motor-speed-control) by extensions ['ros']
[0.286s] Level 1:colcon.colcon_core.package_identification:_identify(wombat/stm32-motor-speed-control) by extension 'ros'
[0.286s] Level 1:colcon.colcon_core.package_identification:_identify(wombat/stm32-motor-speed-control) by extensions ['cmake', 'python']
[0.286s] Level 1:colcon.colcon_core.package_identification:_identify(wombat/stm32-motor-speed-control) by extension 'cmake'
[0.288s] Level 1:colcon.colcon_core.package_identification:_identify(wombat/stm32-motor-speed-control) by extension 'python'
[0.288s] DEBUG:colcon.colcon_core.package_identification:Package 'wombat/stm32-motor-speed-control' with type 'cmake' and name 'stm32-motor-speed-control'
[0.288s] Level 1:colcon.colcon_core.package_identification:_identify(wombat/vision) by extensions ['ignore', 'ignore_ament_install']
[0.288s] Level 1:colcon.colcon_core.package_identification:_identify(wombat/vision) by extension 'ignore'
[0.288s] Level 1:colcon.colcon_core.package_identification:_identify(wombat/vision) by extension 'ignore_ament_install'
[0.288s] Level 1:colcon.colcon_core.package_identification:_identify(wombat/vision) by extensions ['colcon_pkg']
[0.288s] Level 1:colcon.colcon_core.package_identification:_identify(wombat/vision) by extension 'colcon_pkg'
[0.288s] Level 1:colcon.colcon_core.package_identification:_identify(wombat/vision) by extensions ['colcon_meta']
[0.288s] Level 1:colcon.colcon_core.package_identification:_identify(wombat/vision) by extension 'colcon_meta'
[0.288s] Level 1:colcon.colcon_core.package_identification:_identify(wombat/vision) by extensions ['ros']
[0.288s] Level 1:colcon.colcon_core.package_identification:_identify(wombat/vision) by extension 'ros'
[0.288s] Level 1:colcon.colcon_core.package_identification:_identify(wombat/vision) by extensions ['cmake', 'python']
[0.288s] Level 1:colcon.colcon_core.package_identification:_identify(wombat/vision) by extension 'cmake'
[0.288s] Level 1:colcon.colcon_core.package_identification:_identify(wombat/vision) by extension 'python'
[0.288s] Level 1:colcon.colcon_core.package_identification:_identify(wombat/vision) by extensions ['python_setup_py']
[0.288s] Level 1:colcon.colcon_core.package_identification:_identify(wombat/vision) by extension 'python_setup_py'
[0.288s] Level 1:colcon.colcon_core.package_identification:_identify(wombat/vision/python_stereo_camera_calibrate) by extensions ['ignore', 'ignore_ament_install']
[0.288s] Level 1:colcon.colcon_core.package_identification:_identify(wombat/vision/python_stereo_camera_calibrate) by extension 'ignore'
[0.288s] Level 1:colcon.colcon_core.package_identification:_identify(wombat/vision/python_stereo_camera_calibrate) by extension 'ignore_ament_install'
[0.288s] Level 1:colcon.colcon_core.package_identification:_identify(wombat/vision/python_stereo_camera_calibrate) by extensions ['colcon_pkg']
[0.288s] Level 1:colcon.colcon_core.package_identification:_identify(wombat/vision/python_stereo_camera_calibrate) by extension 'colcon_pkg'
[0.288s] Level 1:colcon.colcon_core.package_identification:_identify(wombat/vision/python_stereo_camera_calibrate) by extensions ['colcon_meta']
[0.288s] Level 1:colcon.colcon_core.package_identification:_identify(wombat/vision/python_stereo_camera_calibrate) by extension 'colcon_meta'
[0.288s] Level 1:colcon.colcon_core.package_identification:_identify(wombat/vision/python_stereo_camera_calibrate) by extensions ['ros']
[0.288s] Level 1:colcon.colcon_core.package_identification:_identify(wombat/vision/python_stereo_camera_calibrate) by extension 'ros'
[0.288s] Level 1:colcon.colcon_core.package_identification:_identify(wombat/vision/python_stereo_camera_calibrate) by extensions ['cmake', 'python']
[0.288s] Level 1:colcon.colcon_core.package_identification:_identify(wombat/vision/python_stereo_camera_calibrate) by extension 'cmake'
[0.288s] Level 1:colcon.colcon_core.package_identification:_identify(wombat/vision/python_stereo_camera_calibrate) by extension 'python'
[0.288s] Level 1:colcon.colcon_core.package_identification:_identify(wombat/vision/python_stereo_camera_calibrate) by extensions ['python_setup_py']
[0.288s] Level 1:colcon.colcon_core.package_identification:_identify(wombat/vision/python_stereo_camera_calibrate) by extension 'python_setup_py'
[0.288s] Level 1:colcon.colcon_core.package_discovery:discover_packages(recursive) using defaults
[0.288s] Level 1:colcon.colcon_core.package_discovery:discover_packages(ignore) discover
[0.288s] Level 1:colcon.colcon_core.package_discovery:discover_packages(ignore) using defaults
[0.288s] Level 1:colcon.colcon_core.package_discovery:discover_packages(path) discover
[0.288s] Level 1:colcon.colcon_core.package_discovery:discover_packages(path) using defaults
[0.289s] WARNING:colcon.colcon_core.package_selection:ignoring unknown package 'wombat/ros2_ws/src/wombat_nav/wombat_nav' in --packages-select
[0.305s] INFO:colcon.colcon_core.package_selection:Skipping not selected package 'i2c-command-test-stm32' in 'wombat/i2c-command-test-stm32'
[0.305s] INFO:colcon.colcon_core.package_selection:Skipping not selected package 'stm32-motor-speed-control' in 'wombat/stm32-motor-speed-control'
[0.305s] INFO:colcon.colcon_core.package_selection:Skipping not selected package 'wombat_host' in 'wombat/ros2_ws/src/wombat_host'
[0.305s] INFO:colcon.colcon_core.package_selection:Skipping not selected package 'wombat_launch' in 'wombat/ros2_ws/src/wombat_launch'
[0.305s] INFO:colcon.colcon_core.package_selection:Skipping not selected package 'wombat_msgs' in 'wombat/ros2_ws/src/wombat_msgs'
[0.305s] INFO:colcon.colcon_core.package_selection:Skipping not selected package 'wombat_drivers' in 'wombat/ros2_ws/src/wombat_drivers'
[0.305s] INFO:colcon.colcon_core.package_selection:Skipping not selected package 'wombat_meercat_if' in 'wombat/ros2_ws/src/wombat_meercat_if'
[0.306s] INFO:colcon.colcon_core.package_selection:Skipping not selected package 'wombat_nav' in 'wombat/ros2_ws/src/wombat_nav'
[0.306s] Level 1:colcon.colcon_core.package_discovery:discover_packages(prefix_path) check parameters
[0.306s] Level 1:colcon.colcon_core.package_discovery:discover_packages(prefix_path) discover
[0.307s] Level 1:colcon.colcon_core.package_discovery:discover_packages(prefix_path) using defaults
[0.307s] INFO:colcon.colcon_core.executor:Executing jobs using 'parallel' executor
[0.308s] DEBUG:colcon.colcon_parallel_executor.executor.parallel:run_until_complete
[0.308s] DEBUG:colcon.colcon_parallel_executor.executor.parallel:closing loop
[0.308s] DEBUG:colcon.colcon_parallel_executor.executor.parallel:loop closed
[0.308s] DEBUG:colcon.colcon_parallel_executor.executor.parallel:run_until_complete finished with '0'
[0.308s] DEBUG:colcon.colcon_core.event_reactor:joining thread
[0.315s] INFO:colcon.colcon_core.plugin_system:Skipping extension 'colcon_notification.desktop_notification.terminal_notifier': Not used on non-Darwin systems
[0.315s] INFO:colcon.colcon_core.plugin_system:Skipping extension 'colcon_notification.desktop_notification.win32': Not used on non-Windows systems
[0.315s] INFO:colcon.colcon_notification.desktop_notification:Sending desktop notification using 'notify2'
[0.333s] DEBUG:colcon.colcon_core.event_reactor:joined thread
[0.335s] INFO:colcon.colcon_core.plugin_system:Skipping extension 'colcon_core.shell.bat': Not used on non-Windows systems
[0.335s] INFO:colcon.colcon_core.shell:Creating prefix script '/home/aimen/weed-removal-irl/install/local_setup.ps1'
[0.336s] INFO:colcon.colcon_core.shell:Creating prefix util module '/home/aimen/weed-removal-irl/install/_local_setup_util_ps1.py'
[0.337s] INFO:colcon.colcon_core.shell:Creating prefix chain script '/home/aimen/weed-removal-irl/install/setup.ps1'
[0.338s] INFO:colcon.colcon_core.shell:Creating prefix script '/home/aimen/weed-removal-irl/install/local_setup.sh'
[0.338s] INFO:colcon.colcon_core.shell:Creating prefix util module '/home/aimen/weed-removal-irl/install/_local_setup_util_sh.py'
[0.338s] INFO:colcon.colcon_core.shell:Creating prefix chain script '/home/aimen/weed-removal-irl/install/setup.sh'
[0.339s] INFO:colcon.colcon_core.shell:Creating prefix script '/home/aimen/weed-removal-irl/install/local_setup.bash'
[0.339s] INFO:colcon.colcon_core.shell:Creating prefix chain script '/home/aimen/weed-removal-irl/install/setup.bash'
[0.340s] INFO:colcon.colcon_core.shell:Creating prefix script '/home/aimen/weed-removal-irl/install/local_setup.zsh'
[0.340s] INFO:colcon.colcon_core.shell:Creating prefix chain script '/home/aimen/weed-removal-irl/install/setup.zsh'
